TN:
SF:lib/core/adpcm/adpcm.dart
FNF:0
FNH:0
DA:63,2
DA:64,3
DA:65,2
DA:66,2
DA:68,1
DA:69,0
DA:70,1
DA:72,0
DA:75,0
DA:81,1
DA:83,2
DA:84,5
DA:86,4
DA:87,4
DA:89,1
DA:91,1
DA:92,1
DA:97,1
DA:107,1
DA:108,1
DA:109,3
DA:111,2
DA:114,4
DA:116,1
DA:117,1
LF:25
LH:22
end_of_record
TN:
SF:lib/core/constants/app_routes.dart
FNF:0
FNH:0
DA:45,6
DA:46,2
DA:47,2
DA:48,2
DA:51,2
DA:53,2
DA:56,1
DA:58,2
DA:61,1
DA:63,2
DA:66,1
DA:67,1
DA:68,1
DA:69,1
DA:70,1
DA:71,1
DA:78,2
DA:81,1
DA:82,1
DA:83,1
DA:84,1
DA:85,1
DA:91,2
DA:94,1
DA:95,1
DA:96,1
DA:97,1
DA:98,1
DA:99,1
DA:106,2
DA:109,1
DA:110,1
DA:111,1
DA:112,1
DA:114,1
DA:120,2
DA:123,1
DA:124,1
DA:125,1
DA:130,2
DA:133,1
DA:137,2
DA:140,1
DA:144,2
DA:147,1
DA:148,1
DA:149,1
DA:154,2
DA:157,1
LF:49
LH:49
end_of_record
TN:
SF:lib/core/network/appwrite_config.dart
FNF:0
FNH:0
DA:17,2
DA:18,2
DA:19,2
DA:20,2
DA:21,2
DA:23,0
LF:6
LH:5
end_of_record
TN:
SF:lib/core/utils/bluetooth_service_helper.dart
FNF:0
FNH:0
DA:31,10
DA:32,5
DA:34,10
DA:36,5
DA:47,6
DA:48,0
DA:49,0
DA:51,1
DA:52,1
DA:54,1
DA:55,1
DA:57,0
DA:59,0
DA:61,0
DA:62,0
DA:66,1
DA:68,1
DA:69,1
DA:70,0
DA:72,0
DA:73,0
DA:74,0
DA:75,0
DA:77,0
DA:79,0
DA:80,0
DA:81,0
DA:82,0
DA:88,2
DA:93,0
DA:94,0
DA:95,0
DA:98,0
DA:101,1
DA:102,2
DA:103,0
DA:106,0
DA:107,0
DA:109,0
DA:112,0
DA:117,4
DA:118,4
DA:119,0
DA:120,0
DA:124,0
DA:125,0
DA:126,0
DA:128,0
DA:131,0
DA:138,4
DA:139,4
DA:142,1
DA:145,1
DA:146,1
DA:147,1
DA:151,1
DA:152,1
DA:153,4
DA:154,4
DA:155,3
DA:156,3
DA:157,4
DA:158,5
DA:159,4
DA:160,5
DA:161,5
DA:162,5
DA:163,5
DA:166,1
DA:169,2
DA:170,3
DA:173,1
DA:175,3
DA:176,8
DA:188,1
DA:189,4
DA:190,4
DA:191,3
DA:192,3
DA:193,4
DA:194,5
DA:195,4
DA:196,5
DA:197,5
DA:198,5
DA:199,5
DA:201,2
DA:222,1
DA:223,1
DA:224,1
DA:225,0
DA:226,0
DA:232,1
DA:238,1
DA:239,1
DA:247,1
DA:249,1
DA:250,2
DA:251,2
LF:99
LH:65
end_of_record
TN:
SF:lib/core/utils/date_format_utils.dart
FNF:0
FNH:0
DA:12,2
DA:13,1
DA:14,1
DA:16,4
DA:25,1
DA:26,1
DA:27,1
DA:29,2
DA:38,1
DA:39,1
DA:40,1
DA:42,2
DA:51,1
DA:52,1
DA:53,1
DA:55,4
DA:61,1
DA:62,1
DA:64,10
DA:70,1
DA:71,1
DA:72,2
DA:73,2
LF:23
LH:23
end_of_record
TN:
SF:lib/core/utils/fhr_byte_data_buffer.dart
FNF:0
FNH:0
DA:28,6
DA:30,1
DA:33,2
DA:34,1
DA:40,2
DA:42,7
DA:43,1
DA:44,3
DA:47,1
DA:48,0
DA:49,1
DA:50,1
DA:52,0
DA:53,0
DA:54,0
DA:55,0
DA:56,0
DA:58,0
DA:59,0
DA:60,0
DA:62,0
DA:63,0
DA:64,0
DA:65,0
DA:68,0
DA:69,0
DA:75,1
DA:76,1
DA:80,1
DA:84,1
DA:85,2
DA:87,1
DA:89,1
DA:90,6
DA:91,1
DA:94,0
DA:95,0
DA:96,0
DA:97,0
DA:98,0
DA:102,1
DA:103,4
DA:104,2
DA:107,4
DA:109,1
DA:110,3
DA:111,4
DA:113,2
DA:114,2
DA:116,1
DA:120,1
DA:121,1
DA:123,2
DA:124,3
DA:129,1
DA:130,1
DA:131,1
DA:132,1
DA:135,6
LF:59
LH:39
end_of_record
TN:
SF:lib/core/utils/preferences.dart
FNF:0
FNH:0
DA:21,12
DA:24,4
DA:26,4
DA:27,4
DA:30,4
DA:31,4
DA:40,2
DA:42,0
DA:47,3
DA:48,3
DA:50,3
DA:52,1
DA:53,2
DA:54,2
DA:57,1
DA:58,2
DA:61,1
DA:62,1
DA:65,3
DA:66,3
DA:68,3
DA:69,3
DA:71,3
DA:72,3
DA:74,3
DA:75,3
DA:77,3
DA:78,3
DA:80,3
DA:81,3
DA:83,3
DA:84,6
DA:86,3
DA:87,6
LF:34
LH:33
end_of_record
TN:
SF:lib/core/utils/utilities.dart
FNF:0
FNH:0
DA:21,0
DA:28,0
DA:35,8
DA:36,16
DA:39,3
DA:40,3
DA:41,12
DA:44,1
DA:45,1
DA:46,3
LF:10
LH:8
end_of_record
TN:
SF:lib/data/models/doctor_model.dart
FNF:0
FNH:0
DA:20,1
DA:22,1
DA:23,1
DA:24,1
DA:25,1
LF:5
LH:5
end_of_record
TN:
SF:lib/data/models/mother_model.dart
FNF:0
FNH:0
DA:10,4
DA:12,2
DA:13,4
DA:14,4
DA:15,6
DA:16,4
DA:17,4
DA:18,4
DA:19,4
DA:20,4
DA:23,2
DA:25,2
DA:26,5
DA:27,5
DA:28,4
DA:32,1
DA:33,9
LF:17
LH:17
end_of_record
TN:
SF:lib/data/models/my_fhr_data.dart
FNF:0
FNH:0
DA:32,2
LF:1
LH:1
end_of_record
TN:
SF:lib/data/models/user_model.dart
FNF:0
FNH:0
DA:55,3
DA:94,8
DA:96,3
DA:97,3
DA:98,3
DA:99,3
DA:100,3
DA:101,3
DA:102,3
DA:103,3
DA:104,3
DA:106,6
DA:107,3
DA:108,6
DA:109,2
DA:110,2
DA:111,6
DA:112,2
DA:113,2
DA:114,3
DA:115,3
DA:116,3
DA:117,3
DA:118,3
DA:119,3
DA:120,3
DA:121,3
DA:122,3
DA:123,3
DA:124,3
DA:125,3
DA:126,3
DA:127,3
DA:128,3
DA:129,3
DA:130,3
DA:131,3
DA:132,3
DA:133,3
DA:134,3
DA:135,3
DA:136,3
DA:137,3
DA:139,5
DA:140,5
DA:141,5
DA:142,5
DA:143,5
DA:144,5
DA:145,5
DA:146,5
DA:147,5
DA:148,5
DA:149,5
DA:150,5
DA:151,14
DA:152,14
DA:153,5
DA:154,5
DA:155,5
DA:156,5
DA:157,5
DA:158,5
DA:159,5
DA:160,5
DA:161,5
DA:162,5
DA:163,5
DA:164,5
DA:165,5
DA:166,5
DA:167,5
DA:168,5
DA:169,5
DA:170,5
DA:171,5
DA:172,5
DA:173,5
DA:174,5
DA:175,5
DA:176,5
DA:180,2
DA:181,2
DA:182,2
DA:183,2
DA:184,2
DA:185,2
DA:186,2
DA:187,2
DA:188,2
DA:189,2
DA:190,2
DA:191,2
DA:192,4
DA:193,4
DA:194,0
DA:195,4
DA:196,4
DA:197,0
DA:198,2
DA:199,2
DA:200,2
DA:201,2
DA:202,2
DA:203,2
DA:204,2
DA:205,2
DA:206,2
DA:207,2
DA:208,2
DA:209,2
DA:210,2
DA:211,2
DA:212,2
DA:213,2
DA:214,2
DA:215,2
DA:216,2
DA:217,2
DA:218,2
DA:219,2
DA:220,2
DA:221,2
LF:123
LH:121
end_of_record
TN:
SF:lib/presentation/about/about_view.dart
FNF:0
FNH:0
DA:19,18
DA:21,2
DA:23,4
DA:25,6
DA:26,6
DA:28,2
DA:29,2
DA:30,2
DA:32,2
DA:33,1
DA:34,1
DA:40,2
DA:41,2
DA:42,2
DA:43,2
DA:45,2
LF:16
LH:16
end_of_record
TN:
SF:lib/presentation/all_mothers/all_mothers_cubit.dart
FNF:0
FNH:0
DA:28,3
DA:31,1
DA:32,2
DA:34,3
DA:35,2
DA:36,2
DA:37,1
DA:38,4
DA:39,1
DA:42,1
DA:43,1
DA:44,2
DA:47,2
DA:48,1
DA:49,6
DA:50,3
DA:52,1
DA:55,3
DA:56,1
DA:57,1
DA:58,1
DA:64,1
DA:65,1
DA:66,0
DA:70,2
DA:71,3
DA:72,2
DA:73,1
DA:74,1
DA:76,1
DA:77,1
DA:79,2
LF:32
LH:31
end_of_record
TN:
SF:lib/presentation/all_mothers/all_mothers_state.dart
FNF:0
FNH:0
DA:13,27
DA:15,1
DA:16,1
DA:26,27
DA:28,1
DA:29,2
DA:35,26
DA:37,1
DA:38,2
LF:9
LH:9
end_of_record
TN:
SF:lib/presentation/all_mothers/all_mothers_view.dart
FNF:0
FNH:0
DA:24,2
DA:26,2
DA:27,2
DA:33,2
DA:35,2
DA:36,5
DA:39,1
DA:41,2
DA:42,3
DA:43,3
DA:44,1
DA:45,1
DA:46,1
DA:48,1
DA:49,1
DA:50,0
DA:53,1
DA:55,1
DA:59,1
DA:61,1
DA:62,1
DA:64,1
DA:66,1
DA:67,1
DA:68,2
DA:69,1
DA:76,0
DA:77,0
DA:86,1
DA:88,1
DA:89,1
DA:90,1
DA:93,1
DA:94,4
DA:96,1
DA:97,1
DA:98,1
DA:100,3
DA:103,1
DA:107,1
DA:109,1
DA:110,1
DA:112,1
DA:113,1
DA:114,1
DA:115,1
DA:117,1
DA:118,1
DA:123,2
DA:124,1
DA:125,1
DA:126,1
DA:132,1
DA:134,1
DA:135,1
DA:136,1
DA:137,1
DA:138,1
DA:142,1
DA:144,1
DA:145,1
DA:151,2
DA:152,1
DA:153,1
DA:154,1
DA:156,1
DA:158,1
DA:159,1
DA:161,1
DA:162,1
DA:166,1
DA:168,1
DA:169,1
DA:184,1
DA:186,1
DA:187,1
DA:189,1
DA:190,1
DA:191,1
DA:193,1
DA:194,1
DA:200,1
DA:201,1
DA:203,1
DA:204,1
DA:210,1
DA:211,1
DA:213,1
DA:214,1
DA:221,2
DA:222,1
DA:223,1
DA:224,1
DA:225,1
DA:226,0
DA:229,1
DA:230,1
DA:231,2
DA:235,1
DA:236,1
DA:237,2
DA:238,2
DA:241,1
DA:242,1
DA:243,3
DA:244,2
DA:249,1
LF:107
LH:103
end_of_record
TN:
SF:lib/presentation/app_settings/app_setting.dart
FNF:0
FNH:0
DA:25,18
DA:27,2
DA:28,2
DA:32,2
DA:34,4
DA:36,6
DA:37,6
DA:39,1
DA:40,1
DA:41,2
DA:49,2
DA:56,2
DA:60,1
DA:61,1
DA:63,1
DA:65,1
DA:66,2
DA:67,2
DA:68,2
DA:75,2
DA:77,4
DA:84,1
DA:86,5
DA:87,1
DA:88,1
DA:89,1
DA:93,0
DA:94,0
DA:98,1
DA:103,0
DA:104,0
DA:108,1
DA:112,0
DA:113,0
DA:117,1
DA:121,0
DA:122,0
DA:126,1
DA:130,0
DA:131,0
DA:135,1
DA:139,0
DA:140,0
DA:152,1
DA:157,0
DA:158,0
DA:160,0
DA:161,0
DA:164,1
DA:168,1
DA:173,0
DA:174,0
DA:176,0
DA:177,0
DA:180,1
DA:257,1
DA:258,1
DA:263,1
DA:265,2
DA:272,1
DA:275,1
DA:276,1
DA:277,1
DA:282,1
DA:294,1
DA:299,1
DA:303,0
DA:304,0
DA:307,2
DA:308,1
DA:315,1
DA:320,0
LF:72
LH:49
end_of_record
TN:
SF:lib/presentation/details/details_state.dart
FNF:0
FNH:0
DA:43,3
DA:57,3
DA:70,3
DA:71,2
DA:72,2
DA:73,3
DA:74,3
DA:75,3
DA:76,3
DA:77,3
DA:78,3
DA:79,3
DA:80,2
DA:81,2
DA:85,3
DA:86,3
DA:87,3
DA:88,3
DA:89,3
DA:90,3
DA:91,3
DA:92,3
DA:93,3
DA:94,3
DA:95,3
DA:96,3
DA:97,3
DA:102,0
LF:28
LH:27
end_of_record
TN:
SF:lib/presentation/doppler_connection/bluetoothlocal_bloc.dart
FNF:0
FNH:0
DA:29,1
DA:30,1
DA:31,2
DA:32,2
DA:33,2
DA:34,2
DA:37,2
DA:39,0
DA:43,1
DA:46,3
DA:47,2
DA:49,2
DA:50,3
DA:52,4
DA:56,1
DA:59,3
DA:60,3
DA:63,1
DA:64,3
DA:67,1
DA:68,2
DA:72,0
DA:73,0
DA:78,1
DA:80,2
DA:81,3
DA:84,1
DA:86,1
DA:87,2
DA:92,1
DA:94,2
DA:95,1
LF:32
LH:29
end_of_record
TN:
SF:lib/presentation/doppler_connection/bluetoothlocal_event.dart
FNF:0
FNH:0
DA:12,4
DA:14,1
DA:15,1
DA:23,3
DA:25,1
DA:26,2
DA:34,2
DA:36,1
DA:37,2
LF:9
LH:9
end_of_record
TN:
SF:lib/presentation/doppler_connection/bluetoothlocal_state.dart
FNF:0
FNH:0
DA:25,44
DA:34,2
DA:42,2
DA:43,2
DA:44,2
DA:45,2
DA:46,2
DA:47,2
DA:48,2
DA:52,2
DA:53,2
DA:54,2
DA:55,2
DA:56,2
DA:57,2
DA:58,2
DA:59,2
LF:17
LH:17
end_of_record
TN:
SF:lib/presentation/graph/graph_painter.dart
FNF:0
FNH:0
DA:114,2
DA:144,2
DA:146,4
DA:147,4
DA:149,6
DA:150,6
DA:152,6
DA:153,6
DA:154,6
DA:155,4
DA:157,4
DA:158,4
DA:159,6
DA:160,4
DA:161,4
DA:162,6
DA:163,4
DA:164,4
DA:165,6
DA:166,4
DA:167,2
DA:168,6
DA:169,4
DA:170,2
DA:171,6
DA:172,4
DA:173,2
DA:174,6
DA:175,4
DA:176,2
DA:177,6
DA:178,4
DA:179,2
DA:180,6
DA:181,4
DA:182,2
DA:183,6
DA:184,4
DA:185,2
DA:186,6
DA:189,4
DA:190,2
DA:191,6
DA:193,2
DA:195,2
DA:200,1
DA:202,3
DA:209,2
DA:210,4
DA:212,6
DA:213,4
DA:214,6
DA:216,6
DA:218,2
DA:219,8
DA:221,2
DA:222,8
DA:224,8
DA:225,10
DA:227,4
DA:228,18
DA:230,10
DA:232,6
DA:233,14
DA:235,10
DA:237,8
DA:238,14
DA:240,6
DA:241,16
DA:243,8
DA:245,6
DA:249,2
DA:250,2
DA:251,2
DA:253,2
DA:254,2
DA:257,8
DA:258,8
DA:259,8
DA:261,2
DA:262,2
DA:263,2
DA:265,2
DA:266,1
DA:267,3
DA:268,1
DA:269,3
DA:270,1
DA:271,3
DA:284,2
DA:285,6
DA:286,2
DA:287,2
DA:288,4
DA:289,2
DA:290,2
DA:291,2
DA:298,2
DA:303,2
DA:304,2
DA:305,16
DA:306,6
DA:307,8
DA:308,4
DA:311,14
DA:312,14
DA:314,6
DA:315,14
DA:316,14
DA:318,2
DA:319,2
DA:320,16
DA:321,18
DA:322,2
DA:323,8
DA:324,8
DA:331,2
DA:332,12
DA:333,16
DA:334,4
DA:337,2
DA:338,12
DA:339,12
DA:340,2
DA:346,2
DA:348,8
DA:349,12
DA:350,8
DA:351,12
DA:356,6
DA:357,4
DA:358,2
DA:359,12
DA:360,16
DA:361,2
DA:363,2
DA:364,12
DA:365,6
DA:366,14
DA:368,2
DA:369,18
DA:370,8
DA:371,14
DA:372,2
DA:374,2
DA:375,12
DA:376,16
DA:377,2
DA:379,2
DA:380,18
DA:381,8
DA:382,14
DA:383,2
DA:389,2
DA:391,4
DA:392,2
DA:393,14
DA:394,14
DA:395,2
DA:398,6
DA:399,14
DA:400,14
DA:403,2
DA:404,18
DA:405,2
DA:406,16
DA:407,2
DA:410,12
DA:411,2
DA:412,12
DA:413,12
DA:414,2
DA:420,2
DA:422,8
DA:423,12
DA:424,8
DA:425,12
DA:430,6
DA:431,4
DA:432,2
DA:433,12
DA:434,16
DA:435,2
DA:437,2
DA:438,10
DA:439,6
DA:440,14
DA:442,2
DA:443,2
DA:444,16
DA:445,8
DA:446,14
DA:447,2
DA:449,2
DA:450,12
DA:451,16
DA:452,2
DA:453,2
DA:454,2
DA:455,16
DA:456,8
DA:457,14
DA:458,2
DA:465,2
DA:466,2
DA:473,2
DA:474,16
DA:476,2
DA:481,2
DA:482,4
DA:484,2
DA:485,2
DA:486,2
DA:487,2
DA:488,2
DA:489,6
DA:496,2
DA:497,4
DA:502,2
DA:503,2
DA:510,1
DA:511,8
DA:513,1
DA:518,1
DA:519,2
DA:521,1
DA:522,1
DA:523,1
DA:524,1
DA:525,1
DA:526,3
DA:533,1
DA:534,2
DA:539,2
DA:541,4
DA:542,2
DA:546,6
DA:547,6
DA:548,2
DA:549,2
DA:550,4
DA:551,8
DA:552,4
DA:553,2
DA:554,8
DA:555,8
DA:556,8
DA:557,14
DA:558,2
DA:559,2
DA:560,8
DA:561,8
DA:562,12
DA:563,14
DA:564,2
DA:586,2
DA:588,4
DA:589,2
DA:593,6
DA:594,6
DA:595,2
DA:596,2
DA:597,4
DA:598,8
DA:599,4
DA:600,2
DA:601,8
DA:602,10
DA:603,8
DA:604,8
DA:605,2
DA:606,2
DA:607,8
DA:608,10
DA:609,2
DA:610,4
DA:611,4
DA:612,4
DA:613,2
DA:614,8
DA:615,2
DA:616,2
DA:617,8
DA:618,12
DA:619,2
DA:620,4
DA:621,4
DA:622,4
DA:623,2
DA:624,8
DA:625,2
DA:647,2
DA:648,10
DA:655,2
DA:656,2
DA:657,8
DA:659,18
DA:660,2
DA:662,6
DA:667,2
DA:668,8
DA:670,2
DA:678,2
DA:679,6
DA:687,2
DA:689,2
DA:695,0
DA:696,0
DA:697,0
DA:701,0
DA:702,0
DA:752,2
DA:753,6
DA:754,10
DA:761,2
DA:762,6
DA:763,10
DA:769,2
DA:770,6
DA:771,2
DA:772,8
DA:780,2
DA:781,2
DA:782,2
DA:783,8
DA:791,2
DA:792,2
DA:793,14
DA:794,2
DA:796,2
DA:798,5
DA:800,10
LF:332
LH:327
end_of_record
TN:
SF:lib/presentation/login/login_cubit.dart
FNF:0
FNH:0
DA:30,1
DA:31,0
DA:32,2
DA:34,1
DA:35,2
DA:38,2
DA:41,2
DA:44,1
DA:45,1
DA:49,2
DA:50,2
DA:51,3
DA:52,1
DA:53,1
DA:54,2
DA:57,2
DA:60,1
DA:61,1
DA:65,2
DA:66,0
DA:67,0
DA:68,0
DA:69,0
DA:70,0
DA:71,0
DA:72,0
DA:74,2
DA:75,2
DA:78,1
DA:79,1
DA:83,2
DA:84,2
DA:85,3
DA:86,2
DA:87,3
DA:88,1
DA:89,1
DA:90,3
DA:92,2
DA:94,2
DA:97,1
DA:98,1
DA:101,1
DA:102,1
DA:103,2
DA:105,1
DA:110,3
DA:111,4
LF:48
LH:40
end_of_record
TN:
SF:lib/presentation/login/login_state.dart
FNF:0
FNH:0
DA:12,42
DA:14,1
DA:15,1
DA:27,42
DA:29,1
DA:30,2
LF:6
LH:6
end_of_record
TN:
SF:lib/presentation/mother_details/mother_details_state.dart
FNF:0
FNH:0
DA:14,46
DA:16,0
DA:17,0
DA:27,1
DA:33,44
LF:5
LH:3
end_of_record
TN:
SF:lib/presentation/mother_details/mother_details_view.dart
FNF:0
FNH:0
DA:29,2
DA:31,2
DA:32,2
DA:38,2
DA:40,2
DA:41,8
DA:44,1
DA:47,5
DA:48,3
DA:49,0
DA:52,1
DA:53,1
DA:55,1
DA:56,0
DA:57,0
DA:83,1
DA:85,1
DA:86,1
DA:87,1
DA:89,1
DA:90,1
DA:91,1
DA:93,1
DA:95,1
DA:96,1
DA:97,3
DA:104,1
DA:105,3
DA:110,1
DA:111,4
DA:112,2
DA:117,4
DA:118,2
DA:119,1
DA:120,1
DA:121,3
DA:122,1
DA:123,3
DA:124,1
DA:125,4
DA:130,1
DA:131,0
DA:137,1
DA:154,1
DA:155,1
DA:156,1
DA:158,0
DA:159,0
DA:160,0
DA:161,0
DA:162,0
DA:163,0
DA:164,0
DA:165,0
DA:166,0
DA:167,0
DA:168,0
DA:169,0
DA:171,0
DA:174,0
DA:177,0
DA:178,0
DA:179,0
DA:181,0
DA:184,0
DA:186,0
DA:188,0
DA:189,0
DA:190,0
DA:191,0
DA:192,0
DA:193,0
DA:194,0
DA:195,0
DA:214,1
DA:215,1
DA:218,1
DA:219,1
DA:220,1
DA:221,1
DA:222,1
DA:223,2
DA:229,1
DA:231,1
DA:232,1
DA:235,1
LF:86
LH:54
end_of_record
TN:
SF:lib/presentation/notification/notification_view.dart
FNF:0
FNH:0
DA:20,18
DA:22,2
DA:23,2
DA:27,2
DA:29,4
DA:31,6
DA:32,6
DA:34,2
DA:35,2
DA:37,2
DA:38,2
DA:39,1
DA:40,1
DA:45,2
DA:46,2
DA:47,2
DA:55,2
DA:57,4
DA:59,2
DA:61,4
LF:20
LH:20
end_of_record
TN:
SF:lib/presentation/register_mother/register_mother_cubit.dart
FNF:0
FNH:0
DA:30,3
DA:34,0
DA:43,0
DA:45,0
DA:47,0
DA:48,0
DA:49,0
DA:50,0
DA:51,0
DA:52,0
DA:53,0
DA:54,0
DA:55,0
DA:57,0
DA:58,0
DA:59,0
DA:60,0
DA:61,0
DA:63,0
DA:67,0
DA:69,0
DA:71,0
DA:72,0
DA:73,0
DA:74,0
DA:75,0
DA:77,0
DA:80,0
DA:81,0
DA:84,0
DA:87,0
DA:88,0
DA:89,0
DA:94,0
DA:103,0
DA:105,0
DA:106,0
DA:107,0
DA:108,0
DA:109,0
DA:110,0
DA:111,0
DA:112,0
DA:113,0
DA:114,0
DA:115,0
DA:116,0
DA:117,0
DA:118,0
DA:119,0
DA:120,0
DA:122,0
DA:126,0
DA:128,0
DA:130,0
DA:134,0
DA:135,0
DA:143,2
DA:147,1
DA:148,3
DA:150,2
DA:152,2
DA:155,2
DA:156,2
DA:157,3
DA:158,1
DA:159,1
DA:165,3
DA:171,1
DA:172,1
DA:173,1
DA:174,6
DA:175,2
LF:73
LH:17
end_of_record
TN:
SF:lib/presentation/register_mother/register_mother_state.dart
FNF:0
FNH:0
DA:14,2
DA:16,1
DA:17,1
DA:27,1
DA:33,0
DA:39,1
LF:6
LH:5
end_of_record
TN:
SF:lib/presentation/register_mother/register_mother_view.dart
FNF:0
FNH:0
DA:31,2
DA:33,2
DA:34,2
DA:49,2
DA:51,2
DA:52,6
DA:53,6
DA:54,5
DA:55,2
DA:56,1
DA:57,3
DA:62,1
DA:68,1
DA:69,1
DA:70,1
DA:71,2
DA:72,3
DA:74,1
DA:76,1
DA:77,1
DA:79,1
DA:85,1
DA:86,1
DA:88,1
DA:90,1
DA:91,1
DA:92,1
DA:97,1
DA:98,1
DA:99,1
DA:101,1
DA:102,1
DA:103,1
DA:105,1
DA:106,1
DA:107,1
DA:112,1
DA:113,2
DA:134,1
DA:135,1
DA:140,1
DA:141,2
DA:150,1
DA:151,1
DA:152,1
DA:153,1
DA:155,1
DA:159,1
DA:161,1
DA:166,1
DA:167,2
DA:168,1
DA:169,1
DA:170,1
DA:172,1
DA:174,1
DA:175,1
DA:177,1
DA:178,1
DA:185,1
DA:186,1
DA:187,1
DA:188,1
DA:189,1
DA:190,1
DA:191,1
DA:196,1
DA:197,2
DA:207,1
DA:208,1
DA:210,1
DA:212,1
DA:213,2
DA:223,1
DA:226,1
DA:232,1
DA:233,3
DA:234,1
DA:235,2
DA:242,1
DA:244,2
DA:245,1
DA:246,2
DA:247,2
DA:248,2
DA:249,1
DA:250,1
DA:252,1
DA:253,1
DA:256,1
DA:257,2
DA:258,2
DA:259,2
DA:260,1
DA:261,1
DA:262,2
DA:263,1
DA:264,1
LF:98
LH:98
end_of_record
TN:
SF:lib/presentation/splash/splash_screen.dart
FNF:0
FNH:0
DA:22,18
DA:24,3
DA:25,3
DA:31,2
DA:33,2
DA:34,3
DA:35,1
DA:36,2
DA:37,2
DA:39,2
DA:45,2
DA:47,2
DA:48,2
DA:50,2
DA:51,2
LF:15
LH:15
end_of_record
TN:
SF:lib/presentation/widgets/animated_counter.dart
FNF:0
FNH:0
DA:23,2
DA:30,2
DA:32,2
DA:33,4
DA:34,2
DA:35,2
DA:36,2
DA:37,2
DA:38,2
LF:9
LH:9
end_of_record
TN:
SF:lib/presentation/widgets/audio.dart
FNF:0
FNH:0
DA:19,18
DA:21,12
DA:23,6
DA:27,6
DA:28,6
DA:29,12
DA:32,6
DA:68,2
DA:69,2
DA:70,2
DA:78,4
DA:81,0
DA:83,0
LF:13
LH:11
end_of_record
TN:
SF:lib/presentation/widgets/custom_radio_btn.dart
FNF:0
FNH:0
DA:26,2
DA:40,8
DA:41,2
DA:42,2
DA:65,2
DA:66,2
DA:74,2
DA:76,2
DA:78,4
DA:81,1
DA:82,1
DA:83,5
DA:84,1
DA:86,1
DA:87,4
DA:88,2
DA:89,2
DA:90,2
DA:91,2
DA:92,0
DA:96,1
DA:97,2
DA:98,1
DA:99,2
DA:100,0
DA:101,0
DA:102,0
DA:105,1
DA:106,1
DA:107,3
DA:110,2
DA:111,0
DA:112,0
DA:113,0
DA:114,0
DA:115,0
DA:118,0
DA:120,1
DA:121,3
DA:122,1
DA:123,4
DA:125,5
DA:133,1
DA:138,2
DA:139,2
DA:140,10
DA:141,2
DA:143,2
DA:144,8
DA:145,4
DA:146,4
DA:147,4
DA:148,4
DA:149,0
DA:153,2
DA:154,4
DA:157,2
DA:158,4
DA:159,0
DA:160,0
DA:161,0
DA:164,2
DA:165,2
DA:166,6
DA:169,5
DA:170,6
DA:171,2
DA:172,1
DA:173,3
DA:175,1
DA:177,7
DA:179,2
DA:180,6
DA:181,2
DA:182,8
DA:184,10
DA:192,2
DA:197,2
DA:199,2
DA:200,4
DA:201,7
DA:203,2
DA:204,4
DA:205,1
DA:207,1
DA:209,2
DA:211,2
LF:87
LH:73
end_of_record
TN:
SF:lib/presentation/widgets/date_picker_widget.dart
FNF:0
FNH:0
DA:25,2
DA:32,2
DA:33,2
DA:38,1
DA:39,1
DA:41,1
DA:42,1
DA:43,1
DA:47,2
DA:48,5
DA:51,2
DA:52,3
DA:57,2
DA:59,2
DA:60,4
DA:62,2
DA:63,4
DA:66,2
LF:18
LH:18
end_of_record
TN:
SF:lib/presentation/widgets/fhr_pdf_view_2.dart
FNF:0
FNH:0
DA:81,1
DA:82,1
DA:87,1
DA:89,1
DA:90,3
DA:91,0
DA:92,0
DA:93,0
DA:96,1
DA:98,5
DA:99,3
DA:100,6
DA:102,7
DA:105,2
DA:106,2
DA:107,2
DA:108,2
DA:109,2
DA:110,3
DA:111,2
DA:112,1
DA:113,2
DA:114,1
DA:116,1
DA:117,2
DA:118,2
DA:123,3
DA:126,1
DA:128,4
DA:129,5
DA:130,4
DA:132,4
DA:133,4
DA:134,3
DA:135,3
DA:137,5
DA:138,4
DA:140,3
DA:141,5
DA:143,1
DA:144,3
DA:145,1
DA:146,3
DA:147,1
DA:148,3
DA:151,2
DA:152,3
DA:153,3
DA:154,6
DA:156,3
DA:158,1
DA:162,1
DA:164,3
DA:174,3
DA:177,1
DA:178,3
DA:179,3
DA:180,3
DA:181,1
DA:182,3
DA:183,4
DA:184,2
DA:185,0
DA:186,0
DA:187,0
DA:190,3
DA:193,1
DA:194,1
DA:199,2
DA:200,1
DA:201,1
DA:202,2
DA:203,1
DA:204,1
DA:205,2
DA:206,1
DA:207,1
DA:208,2
DA:209,1
DA:210,1
DA:211,2
DA:212,1
DA:213,1
DA:214,2
DA:215,1
DA:216,1
DA:217,2
DA:218,1
DA:219,1
DA:220,2
DA:221,1
DA:222,3
DA:223,2
DA:224,1
DA:225,3
DA:226,2
DA:227,1
DA:228,3
DA:229,2
DA:230,1
DA:231,3
DA:232,2
DA:233,1
DA:234,1
DA:236,2
DA:237,1
DA:238,1
DA:240,3
DA:242,3
DA:243,2
DA:244,2
DA:245,2
DA:249,1
DA:250,2
DA:251,2
DA:253,2
DA:254,6
DA:256,2
DA:257,4
DA:259,2
DA:263,1
DA:265,4
DA:266,3
DA:267,1
DA:269,5
DA:271,3
DA:272,7
DA:276,5
DA:278,4
DA:279,7
DA:281,5
DA:282,3
DA:284,2
DA:292,1
DA:294,1
DA:296,1
DA:298,1
DA:304,1
DA:310,1
DA:311,1
DA:312,8
DA:313,3
DA:314,4
DA:315,4
DA:317,2
DA:319,9
DA:320,7
DA:322,3
DA:323,3
DA:324,6
DA:325,6
DA:326,1
DA:329,3
DA:330,9
DA:331,9
DA:332,1
DA:345,1
DA:347,6
DA:348,6
DA:349,6
DA:350,6
DA:363,3
DA:364,2
DA:365,3
DA:366,6
DA:367,8
DA:368,1
DA:372,3
DA:373,5
DA:374,4
DA:375,7
DA:377,3
DA:378,9
DA:379,4
DA:380,7
DA:381,1
DA:383,3
DA:384,6
DA:385,8
DA:386,1
DA:387,3
DA:388,9
DA:389,4
DA:390,7
DA:391,1
DA:397,1
DA:398,2
DA:399,2
DA:400,3
DA:401,7
DA:402,7
DA:403,1
DA:406,3
DA:407,3
DA:408,6
DA:409,6
DA:410,1
DA:413,3
DA:414,9
DA:415,9
DA:416,1
DA:418,4
DA:419,4
DA:420,3
DA:421,2
DA:422,8
DA:423,6
DA:429,1
DA:431,6
DA:432,6
DA:433,6
DA:434,6
DA:451,3
DA:452,2
DA:453,3
DA:454,6
DA:455,8
DA:456,1
DA:458,3
DA:459,5
DA:460,4
DA:461,7
DA:463,3
DA:464,9
DA:465,4
DA:466,7
DA:467,1
DA:469,3
DA:470,6
DA:471,8
DA:472,1
DA:473,3
DA:474,9
DA:475,4
DA:476,7
DA:477,1
DA:483,0
DA:486,0
DA:487,0
DA:491,0
DA:492,0
DA:495,0
DA:496,0
DA:497,0
DA:498,0
DA:500,0
DA:501,0
DA:502,0
DA:503,0
DA:504,0
DA:505,0
DA:507,0
DA:509,0
DA:511,0
DA:512,0
DA:513,0
DA:514,0
DA:515,0
DA:516,0
DA:517,0
DA:520,0
DA:521,0
DA:522,0
DA:523,0
DA:525,0
DA:526,0
DA:527,0
DA:528,0
DA:529,0
DA:531,0
DA:532,0
DA:533,0
DA:534,0
DA:535,0
DA:536,0
DA:537,0
DA:541,0
DA:542,0
DA:543,0
DA:544,0
DA:546,0
DA:547,0
DA:548,0
DA:549,0
DA:550,0
DA:552,0
DA:553,0
DA:554,0
DA:555,0
DA:556,0
DA:557,0
DA:561,0
DA:562,0
DA:563,0
DA:564,0
DA:566,0
DA:567,0
DA:568,0
DA:569,0
DA:570,0
DA:572,0
DA:573,0
DA:574,0
DA:575,0
DA:576,0
DA:577,0
DA:578,0
DA:581,0
DA:582,0
DA:583,0
DA:584,0
DA:585,0
DA:587,0
DA:588,0
DA:589,0
DA:590,0
DA:591,0
DA:592,0
DA:594,0
DA:595,0
DA:596,0
DA:598,0
DA:599,0
DA:600,0
DA:601,0
DA:602,0
DA:604,0
DA:605,0
DA:606,0
DA:607,0
DA:609,0
DA:611,0
DA:612,0
DA:613,0
DA:614,0
DA:615,0
DA:617,0
DA:618,0
DA:619,0
DA:620,0
DA:621,0
DA:622,0
DA:623,0
DA:624,0
DA:625,0
DA:626,0
DA:627,0
DA:628,0
DA:629,0
DA:630,0
DA:631,0
DA:633,0
DA:634,0
DA:635,0
DA:637,0
DA:638,0
DA:640,0
DA:642,0
DA:643,0
DA:645,0
DA:646,0
DA:647,0
DA:648,0
DA:650,0
DA:651,0
DA:652,0
DA:655,1
DA:661,2
DA:665,2
DA:666,4
DA:667,2
DA:669,1
DA:674,1
DA:676,3
DA:678,1
DA:679,1
DA:680,1
DA:681,1
DA:682,1
DA:683,3
DA:690,2
DA:691,3
DA:697,1
DA:698,3
DA:699,3
DA:700,5
DA:705,1
DA:706,2
DA:710,2
DA:714,2
DA:715,4
DA:716,2
DA:718,1
DA:723,1
DA:724,2
DA:726,1
DA:727,3
DA:731,1
DA:732,1
DA:733,1
DA:734,1
DA:735,3
DA:742,2
DA:743,3
DA:749,1
DA:750,2
DA:751,2
DA:753,3
DA:754,3
DA:755,4
DA:756,3
DA:757,3
DA:758,4
DA:759,4
DA:760,4
DA:761,7
DA:762,1
DA:763,3
DA:764,4
DA:765,4
DA:766,6
DA:767,7
DA:768,1
DA:789,1
DA:790,2
DA:791,2
DA:793,3
DA:794,3
DA:795,4
DA:796,3
DA:810,3
DA:811,4
DA:812,5
DA:813,4
DA:814,4
DA:815,1
DA:816,3
DA:817,4
DA:818,5
DA:819,1
DA:820,2
DA:821,2
DA:822,2
DA:823,1
DA:824,4
DA:825,1
DA:826,3
DA:827,4
DA:828,6
DA:829,1
DA:830,2
DA:831,2
DA:832,2
DA:833,1
DA:834,4
DA:835,1
DA:856,1
DA:858,1
DA:859,0
DA:863,0
DA:864,0
DA:865,0
DA:867,0
DA:868,0
DA:869,0
DA:872,0
DA:873,0
DA:881,1
DA:882,3
DA:883,1
DA:884,4
DA:890,1
DA:891,1
DA:892,1
DA:893,4
DA:899,1
DA:900,3
DA:901,1
DA:902,1
DA:903,2
DA:904,1
DA:905,1
DA:906,1
DA:911,0
DA:912,0
DA:913,0
DA:914,0
DA:915,0
DA:916,0
DA:917,0
DA:918,0
DA:923,0
DA:925,0
DA:926,0
DA:927,0
DA:928,0
DA:929,0
DA:930,0
DA:931,0
LF:499
LH:338
end_of_record
TN:
SF:lib/presentation/widgets/interpretation_dialog.dart
FNF:0
FNH:0
DA:34,1
DA:37,1
DA:38,1
DA:46,1
DA:48,1
DA:49,3
DA:50,4
DA:53,1
DA:55,1
DA:56,1
DA:57,1
DA:61,1
DA:65,1
DA:66,1
DA:67,1
DA:68,1
DA:69,1
DA:72,1
DA:81,1
DA:82,1
DA:83,1
DA:84,3
DA:102,1
DA:104,1
DA:105,2
DA:117,2
DA:118,0
DA:122,1
DA:125,1
DA:129,1
DA:130,3
DA:134,1
DA:140,1
DA:142,1
DA:143,1
DA:145,1
DA:154,1
DA:155,5
DA:156,2
DA:167,1
DA:169,1
DA:176,1
DA:177,5
DA:178,2
DA:192,0
DA:193,0
DA:196,0
DA:197,0
LF:48
LH:43
end_of_record
TN:
SF:lib/presentation/widgets/pdf_base_page.dart
FNF:0
FNH:0
DA:27,1
DA:36,1
DA:38,4
DA:39,1
DA:40,1
DA:41,2
DA:42,1
DA:43,2
DA:44,1
DA:45,1
DA:46,1
DA:51,1
DA:54,1
DA:55,1
DA:56,1
DA:62,2
DA:63,1
DA:64,1
DA:65,1
DA:66,1
DA:88,1
DA:91,1
DA:96,1
DA:97,1
DA:99,3
DA:100,1
DA:101,1
DA:103,3
DA:105,1
DA:107,3
DA:109,1
DA:111,7
DA:113,1
DA:115,3
DA:117,1
DA:119,5
DA:121,1
DA:123,3
DA:126,1
DA:128,1
DA:140,2
DA:141,1
DA:142,1
DA:148,2
DA:149,1
DA:150,1
DA:151,1
DA:152,1
DA:171,1
DA:174,1
DA:179,1
DA:180,1
DA:182,3
DA:183,1
DA:184,1
DA:186,3
DA:188,1
DA:190,3
DA:192,1
DA:194,3
DA:196,1
DA:198,5
DA:200,1
DA:202,3
DA:205,1
DA:207,1
DA:219,2
DA:220,7
DA:221,1
DA:229,2
DA:230,1
DA:231,1
DA:232,1
DA:238,1
DA:240,1
DA:241,1
DA:242,1
DA:252,2
DA:253,1
DA:254,1
DA:262,1
DA:269,1
DA:270,1
DA:271,1
DA:272,1
DA:273,1
DA:281,2
DA:286,3
DA:297,1
DA:304,1
DA:306,3
DA:307,3
DA:308,1
DA:316,1
DA:317,1
DA:318,1
DA:319,1
DA:322,1
DA:323,1
DA:324,1
DA:331,1
DA:334,1
DA:335,1
DA:337,2
DA:338,1
DA:339,2
DA:340,4
DA:341,1
DA:342,3
DA:344,1
DA:347,1
DA:348,3
DA:349,1
DA:351,5
DA:352,4
DA:353,1
DA:355,4
DA:357,1
DA:360,1
DA:361,3
DA:362,3
DA:363,1
DA:364,3
DA:365,1
DA:381,1
DA:383,1
DA:385,1
DA:391,1
DA:392,1
DA:394,1
DA:395,1
DA:396,1
DA:400,1
DA:402,1
DA:409,1
DA:410,1
DA:411,1
DA:412,1
DA:413,3
DA:414,1
DA:429,0
DA:430,0
DA:432,0
DA:433,0
DA:440,0
DA:441,0
DA:443,0
DA:447,0
DA:463,1
DA:465,1
DA:467,1
DA:469,1
DA:472,1
DA:473,1
DA:474,1
DA:475,1
DA:476,1
DA:477,1
DA:485,1
DA:486,1
DA:487,1
DA:488,1
DA:489,1
DA:503,1
DA:504,1
DA:505,1
DA:509,2
DA:510,2
DA:513,2
DA:515,2
DA:520,2
DA:525,3
DA:526,1
DA:531,3
DA:532,2
DA:534,4
DA:535,1
LF:177
LH:169
end_of_record
