SF:lib/core/network/appwrite_config.dart
DA:17,1
DA:18,1
DA:19,1
DA:20,1
DA:21,1
DA:23,0
LF:6
LH:5
end_of_record
SF:lib/presentation/mother_details/mother_details_state.dart
DA:14,21
DA:16,0
DA:17,0
DA:27,0
DA:33,21
LF:5
LH:2
end_of_record
SF:lib/presentation/mother_details/mother_details_cubit.dart
DA:26,0
DA:28,0
DA:29,0
DA:30,0
DA:32,0
DA:33,0
DA:36,0
DA:37,0
DA:39,0
DA:40,0
DA:41,0
DA:42,0
DA:44,0
DA:46,0
DA:49,0
DA:51,0
DA:52,0
LF:17
LH:0
end_of_record
SF:lib/core/adpcm/adpcm.dart
DA:63,1
DA:64,2
DA:65,2
DA:66,2
DA:68,0
DA:69,0
DA:70,0
DA:72,0
DA:75,0
DA:81,1
DA:83,2
DA:84,5
DA:86,4
DA:87,4
DA:89,1
DA:91,1
DA:92,1
DA:97,1
DA:107,1
DA:108,1
DA:109,3
DA:111,2
DA:114,4
DA:116,1
DA:117,1
LF:25
LH:20
end_of_record
SF:lib/core/utils/fhr_byte_data_buffer.dart
DA:28,5
DA:30,1
DA:33,2
DA:34,0
DA:40,2
DA:42,7
DA:43,1
DA:44,3
DA:47,1
DA:48,0
DA:49,1
DA:50,1
DA:52,0
DA:53,0
DA:54,0
DA:55,0
DA:56,0
DA:58,0
DA:59,0
DA:60,0
DA:62,0
DA:63,0
DA:64,0
DA:65,0
DA:68,0
DA:69,0
DA:75,1
DA:76,1
DA:80,0
DA:84,1
DA:85,2
DA:87,1
DA:89,1
DA:90,6
DA:91,1
DA:94,0
DA:95,0
DA:96,0
DA:97,0
DA:98,0
DA:102,1
DA:103,4
DA:104,2
DA:107,4
DA:109,1
DA:110,3
DA:111,4
DA:113,2
DA:114,2
DA:116,0
DA:120,1
DA:121,1
DA:123,2
DA:124,3
DA:129,1
DA:130,1
DA:131,1
DA:132,1
DA:135,3
LF:59
LH:36
end_of_record
SF:lib/core/constants/app_routes.dart
DA:45,6
DA:46,2
DA:47,2
DA:48,2
DA:51,2
DA:53,2
DA:56,1
DA:58,2
DA:61,1
DA:63,2
DA:66,0
DA:67,0
DA:68,0
DA:69,0
DA:70,0
DA:71,0
DA:78,2
DA:81,0
DA:82,0
DA:83,0
DA:84,0
DA:85,0
DA:91,2
DA:94,0
DA:95,0
DA:96,0
DA:97,0
DA:98,0
DA:99,0
DA:106,2
DA:109,0
DA:110,0
DA:111,0
DA:112,0
DA:114,0
DA:120,2
DA:123,0
DA:124,0
DA:125,0
DA:130,2
DA:133,0
DA:137,2
DA:140,0
DA:144,2
DA:147,0
DA:148,0
DA:149,0
DA:154,2
DA:157,0
LF:49
LH:18
end_of_record
SF:lib/data/models/mother_model.dart
DA:10,2
DA:12,2
DA:13,4
DA:14,4
DA:15,6
DA:16,4
DA:17,4
DA:18,4
DA:19,4
DA:20,4
DA:23,2
DA:25,2
DA:26,5
DA:27,5
DA:28,4
DA:32,1
DA:33,9
LF:17
LH:17
end_of_record
SF:lib/data/models/test_model.dart
DA:52,4
DA:90,0
DA:132,1
DA:133,1
DA:134,1
DA:135,1
DA:136,1
DA:137,1
DA:138,1
DA:139,1
DA:140,1
DA:141,1
DA:142,1
DA:143,1
DA:144,1
DA:145,1
DA:146,1
DA:147,1
DA:148,1
DA:149,1
DA:150,2
DA:151,0
DA:152,1
DA:153,2
DA:154,0
DA:155,1
DA:156,2
DA:157,0
DA:158,1
DA:159,2
DA:160,0
DA:161,1
DA:162,2
DA:163,0
DA:164,1
DA:165,2
DA:166,0
DA:167,1
DA:168,2
DA:169,0
DA:170,1
DA:171,2
DA:172,0
DA:173,1
DA:174,1
DA:175,1
DA:176,1
DA:177,1
DA:178,1
DA:179,1
DA:180,2
DA:181,2
DA:182,0
DA:184,2
DA:185,2
DA:186,0
DA:187,1
DA:188,2
DA:189,1
DA:192,1
DA:194,1
DA:195,1
DA:196,1
DA:197,1
DA:198,1
DA:199,1
DA:200,1
DA:201,1
DA:202,1
DA:203,1
DA:204,1
DA:205,1
DA:206,1
DA:207,1
DA:208,1
DA:209,1
DA:210,1
DA:211,1
DA:212,1
DA:213,1
DA:214,1
DA:215,1
DA:216,1
DA:217,1
DA:218,1
DA:219,1
DA:220,1
DA:221,1
DA:222,1
DA:223,1
DA:224,1
DA:225,2
DA:226,2
DA:227,1
DA:228,2
DA:229,1
DA:233,0
DA:235,0
DA:236,0
DA:237,0
DA:238,0
DA:239,0
DA:240,0
DA:241,0
DA:242,0
DA:243,0
DA:244,0
DA:245,0
DA:246,0
DA:247,0
DA:248,0
DA:249,0
DA:250,0
DA:251,0
DA:252,0
DA:253,0
DA:254,0
DA:255,0
DA:256,0
DA:257,0
DA:258,0
DA:259,0
DA:260,0
DA:261,0
DA:262,0
DA:263,0
DA:264,0
DA:265,0
DA:266,0
DA:267,0
DA:268,0
DA:269,0
DA:270,0
DA:271,0
LF:134
LH:85
end_of_record
SF:lib/main.dart
DA:30,0
DA:31,0
DA:32,0
DA:35,0
DA:36,0
DA:37,0
DA:38,0
DA:39,0
DA:43,6
DA:46,22
DA:48,1
DA:50,1
DA:51,1
DA:52,1
DA:53,0
DA:55,1
DA:56,0
DA:57,0
DA:59,1
DA:60,0
DA:62,1
DA:63,0
DA:65,1
DA:66,0
DA:68,1
DA:69,0
DA:73,1
DA:75,1
DA:76,1
DA:78,1
LF:30
LH:15
end_of_record
SF:lib/presentation/about/about_view.dart
DA:19,22
DA:21,1
DA:23,2
DA:25,3
DA:26,3
DA:28,1
DA:29,1
DA:30,1
DA:32,1
DA:33,1
DA:34,1
DA:40,1
DA:41,1
DA:42,1
DA:43,1
DA:45,1
LF:16
LH:16
end_of_record
SF:lib/presentation/all_mothers/all_mothers_view.dart
DA:24,1
DA:26,1
DA:27,1
DA:33,1
DA:35,1
DA:36,3
DA:39,1
DA:41,2
DA:42,3
DA:43,3
DA:44,1
DA:45,1
DA:46,1
DA:48,1
DA:49,1
DA:50,0
DA:53,1
DA:55,1
DA:59,1
DA:61,1
DA:62,1
DA:64,1
DA:66,1
DA:67,1
DA:68,2
DA:69,1
DA:76,0
DA:77,0
DA:86,1
DA:88,1
DA:89,1
DA:90,1
DA:93,1
DA:94,4
DA:96,1
DA:97,1
DA:98,1
DA:100,3
DA:103,1
DA:107,1
DA:109,1
DA:110,1
DA:112,1
DA:113,1
DA:114,1
DA:115,1
DA:117,1
DA:118,1
DA:123,2
DA:124,1
DA:125,1
DA:126,1
DA:132,1
DA:134,1
DA:135,1
DA:136,1
DA:137,1
DA:138,1
DA:142,1
DA:144,1
DA:145,1
DA:151,2
DA:152,1
DA:153,1
DA:154,1
DA:156,1
DA:158,1
DA:159,1
DA:161,1
DA:162,1
DA:166,1
DA:168,1
DA:169,1
DA:184,1
DA:186,1
DA:187,1
DA:189,1
DA:190,1
DA:191,1
DA:193,1
DA:194,1
DA:200,1
DA:201,1
DA:203,1
DA:204,1
DA:210,1
DA:211,1
DA:213,1
DA:214,1
DA:221,2
DA:222,1
DA:223,1
DA:224,1
DA:225,1
DA:226,0
DA:229,1
DA:230,1
DA:231,2
DA:235,1
DA:236,1
DA:237,2
DA:238,2
DA:241,1
DA:242,1
DA:243,3
DA:244,2
DA:249,1
LF:107
LH:103
end_of_record
SF:lib/presentation/app_settings/app_setting.dart
DA:25,22
DA:27,1
DA:28,1
DA:32,1
DA:34,2
DA:36,3
DA:37,3
DA:39,1
DA:40,1
DA:41,1
DA:49,1
DA:56,2
DA:60,1
DA:61,1
DA:63,1
DA:65,1
DA:66,1
DA:67,1
DA:68,1
DA:75,1
DA:77,2
DA:84,1
DA:86,3
DA:87,1
DA:88,1
DA:89,1
DA:93,0
DA:94,0
DA:98,1
DA:103,0
DA:104,0
DA:108,1
DA:112,0
DA:113,0
DA:117,1
DA:121,0
DA:122,0
DA:126,1
DA:130,0
DA:131,0
DA:135,1
DA:139,0
DA:140,0
DA:152,1
DA:157,0
DA:158,0
DA:160,0
DA:161,0
DA:164,1
DA:168,1
DA:173,0
DA:174,0
DA:176,0
DA:177,0
DA:180,1
DA:257,1
DA:258,1
DA:263,1
DA:265,2
DA:272,1
DA:275,1
DA:276,1
DA:277,1
DA:282,1
DA:294,1
DA:299,1
DA:303,0
DA:304,0
DA:307,2
DA:308,1
DA:315,1
DA:320,0
LF:72
LH:49
end_of_record
SF:lib/presentation/details/details_view.dart
DA:34,1
DA:36,1
DA:37,1
DA:45,1
DA:47,1
DA:48,1
DA:49,1
DA:50,2
DA:52,4
DA:53,3
DA:56,1
DA:58,2
DA:59,3
DA:60,3
DA:62,1
DA:63,2
DA:64,1
DA:65,1
DA:66,1
DA:67,0
DA:68,0
DA:69,0
DA:71,0
DA:74,1
DA:75,1
DA:76,1
DA:77,1
DA:78,1
DA:80,1
DA:81,1
DA:83,1
DA:84,1
DA:85,0
DA:89,1
DA:90,1
DA:101,1
DA:102,1
DA:107,1
DA:108,1
DA:111,0
DA:113,1
DA:115,1
DA:116,1
DA:117,1
DA:118,1
DA:119,4
DA:126,1
DA:128,1
DA:129,3
DA:130,1
DA:131,2
DA:132,0
DA:133,1
DA:134,2
DA:137,1
DA:138,2
DA:146,1
DA:147,3
DA:151,1
DA:152,1
DA:154,1
DA:155,1
DA:156,1
DA:157,5
DA:158,1
DA:161,1
DA:163,1
DA:164,1
DA:166,1
DA:169,1
DA:182,0
DA:183,0
DA:185,0
DA:186,0
DA:197,0
DA:198,0
DA:199,0
DA:200,0
DA:201,0
DA:202,0
DA:207,1
DA:208,1
DA:209,1
DA:210,0
DA:211,0
DA:212,0
DA:213,0
DA:214,1
DA:216,3
DA:217,1
DA:218,4
DA:219,1
DA:226,0
DA:227,0
DA:228,0
DA:229,0
DA:230,0
DA:234,0
DA:238,0
DA:239,0
DA:240,0
DA:241,0
DA:247,0
DA:248,0
DA:249,0
DA:250,0
DA:254,0
DA:257,0
DA:258,0
DA:259,0
DA:261,0
DA:262,0
DA:263,0
DA:272,0
DA:274,0
DA:275,0
DA:277,0
DA:278,0
DA:279,0
DA:281,0
DA:283,0
DA:285,0
DA:287,0
DA:289,0
DA:291,0
DA:293,0
DA:298,0
DA:303,0
DA:304,0
DA:305,0
DA:307,0
DA:308,0
DA:309,0
DA:310,0
DA:312,0
DA:314,0
DA:327,0
DA:328,0
DA:329,0
DA:330,0
DA:334,0
DA:337,0
DA:338,0
DA:339,0
DA:341,0
DA:342,0
DA:343,0
DA:352,0
DA:354,0
DA:355,0
DA:357,0
DA:358,0
DA:359,0
DA:361,0
DA:363,0
DA:365,0
DA:367,0
DA:369,0
DA:371,0
DA:373,0
DA:379,0
DA:384,0
DA:385,0
DA:386,0
DA:388,0
DA:389,0
DA:390,0
DA:391,0
DA:393,0
DA:395,0
DA:408,0
DA:409,0
DA:410,0
DA:411,0
DA:415,0
DA:418,0
DA:419,0
DA:420,0
DA:422,0
DA:423,0
DA:424,0
DA:425,0
DA:427,0
DA:429,0
DA:430,0
DA:431,0
DA:433,0
DA:434,0
DA:435,0
DA:440,0
DA:442,0
DA:443,0
DA:444,0
DA:445,0
DA:447,0
DA:449,0
DA:455,0
DA:465,1
DA:466,1
DA:467,3
DA:468,1
DA:469,1
DA:470,1
DA:472,1
DA:474,1
DA:475,1
DA:476,2
DA:477,3
DA:479,3
DA:481,2
DA:482,1
DA:483,2
DA:485,3
DA:495,1
DA:496,1
DA:501,1
DA:502,1
DA:503,1
DA:505,1
DA:506,1
DA:509,1
DA:510,1
DA:515,1
DA:517,1
DA:520,1
DA:529,1
DA:530,1
DA:533,1
DA:535,1
DA:536,1
DA:538,3
DA:539,0
DA:541,1
DA:542,1
DA:545,0
DA:546,0
DA:548,0
DA:549,0
DA:553,0
DA:558,0
DA:560,1
DA:561,1
DA:564,0
DA:565,0
DA:567,0
DA:568,0
DA:572,0
DA:577,0
DA:579,1
DA:582,0
LF:250
LH:110
end_of_record
SF:lib/presentation/doppler_connection/doppler_connection_view.dart
DA:38,0
DA:41,0
DA:42,0
DA:55,0
DA:56,0
DA:57,0
DA:58,0
DA:59,0
DA:67,0
DA:68,0
DA:69,0
DA:71,0
DA:72,0
DA:75,0
DA:76,0
DA:77,0
DA:79,0
DA:80,0
DA:83,0
DA:84,0
DA:85,0
DA:86,0
DA:87,0
DA:88,0
DA:89,0
DA:90,0
DA:92,0
DA:96,0
DA:97,0
DA:98,0
DA:99,0
DA:100,0
DA:101,0
DA:102,0
DA:103,0
DA:104,0
DA:105,0
DA:106,0
DA:107,0
DA:108,0
DA:109,0
DA:110,0
DA:111,0
DA:112,0
DA:113,0
DA:114,0
DA:116,0
DA:117,0
DA:118,0
DA:121,0
DA:122,0
DA:124,0
DA:125,0
DA:126,0
DA:127,0
DA:128,0
DA:135,0
DA:137,0
DA:138,0
DA:139,0
DA:140,0
DA:141,0
DA:142,0
DA:143,0
DA:148,0
DA:150,0
DA:151,0
DA:154,0
DA:156,0
DA:157,0
DA:158,0
DA:159,0
DA:160,0
DA:161,0
DA:163,0
DA:164,0
DA:165,0
DA:167,0
DA:175,0
DA:181,0
DA:185,0
DA:186,0
DA:190,0
DA:191,0
DA:194,0
DA:196,0
DA:197,0
DA:198,0
DA:199,0
DA:201,0
DA:203,0
DA:208,0
DA:209,0
DA:210,0
DA:213,0
DA:235,0
DA:236,0
DA:237,0
DA:239,0
DA:240,0
DA:241,0
LF:101
LH:0
end_of_record
SF:lib/presentation/home/home_view.dart
DA:14,22
DA:16,1
DA:17,1
DA:23,1
DA:25,1
DA:26,1
DA:27,0
DA:30,0
DA:32,0
DA:33,0
DA:35,0
DA:42,0
DA:43,0
DA:44,0
DA:45,0
DA:59,0
DA:60,0
DA:61,0
DA:65,0
DA:66,0
DA:67,0
DA:71,0
DA:74,0
DA:76,0
DA:79,0
DA:80,0
DA:83,0
DA:84,0
DA:87,0
DA:90,0
DA:91,0
DA:92,0
DA:93,0
DA:100,0
DA:101,0
DA:103,0
DA:105,0
DA:106,0
DA:108,0
DA:109,0
DA:110,0
DA:111,0
DA:113,0
DA:114,0
DA:116,0
DA:117,0
DA:133,0
DA:134,0
DA:135,0
DA:136,0
DA:137,0
DA:138,0
DA:139,0
DA:140,0
DA:141,0
DA:165,0
DA:166,0
DA:167,0
DA:168,0
DA:169,0
DA:170,0
DA:171,0
DA:172,0
DA:197,0
DA:199,0
DA:201,0
DA:202,0
DA:205,0
DA:210,0
DA:248,0
DA:249,0
DA:250,0
DA:251,0
DA:253,0
DA:254,0
DA:258,0
DA:259,0
DA:260,0
DA:262,0
DA:263,0
DA:264,0
DA:265,0
DA:266,0
DA:267,0
DA:268,0
DA:270,0
DA:275,0
DA:276,0
DA:278,0
DA:280,0
DA:281,0
DA:283,0
DA:285,0
DA:287,0
DA:289,0
DA:290,0
DA:292,0
DA:294,0
DA:296,0
DA:298,0
DA:300,0
LF:101
LH:6
end_of_record
SF:lib/presentation/login/login_view.dart
DA:24,21
DA:26,1
DA:27,1
DA:37,1
DA:39,2
DA:40,2
DA:41,1
DA:42,1
DA:44,1
DA:46,1
DA:47,0
DA:48,0
DA:49,0
DA:54,0
DA:55,0
DA:56,0
DA:57,0
DA:58,0
DA:63,0
DA:64,0
DA:65,0
DA:67,0
DA:69,0
DA:74,0
DA:75,0
DA:82,0
DA:83,0
DA:84,0
DA:85,0
DA:87,0
DA:88,0
DA:89,0
DA:93,0
DA:95,0
DA:102,0
DA:104,0
DA:107,0
DA:114,0
DA:115,0
DA:116,0
DA:118,0
DA:119,0
DA:137,1
DA:139,1
DA:141,1
DA:142,1
DA:145,1
DA:150,1
DA:152,1
DA:153,1
DA:158,1
DA:159,1
DA:160,0
DA:161,0
DA:180,1
DA:181,1
DA:182,0
DA:183,0
LF:58
LH:22
end_of_record
SF:lib/presentation/mother_details/mother_details_view.dart
DA:29,0
DA:31,0
DA:32,0
DA:38,0
DA:40,0
DA:41,0
DA:44,0
DA:47,0
DA:48,0
DA:49,0
DA:52,0
DA:53,0
DA:55,0
DA:56,0
DA:57,0
DA:83,0
DA:85,0
DA:86,0
DA:87,0
DA:89,0
DA:90,0
DA:91,0
DA:93,0
DA:95,0
DA:96,0
DA:97,0
DA:104,0
DA:105,0
DA:110,0
DA:111,0
DA:112,0
DA:117,0
DA:118,0
DA:119,0
DA:120,0
DA:121,0
DA:122,0
DA:123,0
DA:124,0
DA:125,0
DA:130,0
DA:131,0
DA:137,0
DA:154,0
DA:155,0
DA:156,0
DA:158,0
DA:159,0
DA:160,0
DA:161,0
DA:162,0
DA:163,0
DA:164,0
DA:165,0
DA:166,0
DA:167,0
DA:168,0
DA:169,0
DA:171,0
DA:174,0
DA:177,0
DA:178,0
DA:179,0
DA:181,0
DA:184,0
DA:186,0
DA:188,0
DA:189,0
DA:190,0
DA:191,0
DA:192,0
DA:193,0
DA:194,0
DA:195,0
DA:214,0
DA:215,0
DA:218,0
DA:219,0
DA:220,0
DA:221,0
DA:222,0
DA:223,0
DA:229,0
DA:231,0
DA:232,0
DA:235,0
LF:86
LH:0
end_of_record
SF:lib/presentation/notification/notification_view.dart
DA:20,22
DA:22,1
DA:23,1
DA:27,1
DA:29,2
DA:31,3
DA:32,3
DA:34,1
DA:35,1
DA:37,1
DA:38,1
DA:39,1
DA:40,1
DA:45,1
DA:46,1
DA:47,1
DA:55,1
DA:57,2
DA:59,1
DA:61,2
LF:20
LH:20
end_of_record
SF:lib/presentation/register_mother/register_mother_view.dart
DA:31,0
DA:33,0
DA:34,0
DA:49,0
DA:51,0
DA:52,0
DA:53,0
DA:54,0
DA:55,0
DA:56,0
DA:57,0
DA:62,0
DA:64,0
DA:65,0
DA:66,0
DA:68,0
DA:69,0
DA:70,0
DA:71,0
DA:72,0
DA:74,0
DA:76,0
DA:77,0
DA:79,0
DA:85,0
DA:86,0
DA:88,0
DA:90,0
DA:91,0
DA:92,0
DA:97,0
DA:98,0
DA:99,0
DA:101,0
DA:102,0
DA:103,0
DA:105,0
DA:106,0
DA:107,0
DA:112,0
DA:113,0
DA:120,0
DA:121,0
DA:126,0
DA:127,0
DA:134,0
DA:135,0
DA:140,0
DA:141,0
DA:150,0
DA:151,0
DA:152,0
DA:153,0
DA:155,0
DA:159,0
DA:161,0
DA:166,0
DA:167,0
DA:168,0
DA:169,0
DA:170,0
DA:172,0
DA:174,0
DA:175,0
DA:177,0
DA:178,0
DA:185,0
DA:186,0
DA:187,0
DA:188,0
DA:189,0
DA:190,0
DA:191,0
DA:196,0
DA:197,0
DA:207,0
DA:208,0
DA:210,0
DA:212,0
DA:213,0
DA:223,0
DA:226,0
DA:232,0
DA:233,0
DA:234,0
DA:235,0
DA:242,0
DA:244,0
DA:245,0
DA:246,0
DA:247,0
DA:248,0
DA:249,0
DA:250,0
DA:251,0
DA:252,0
DA:253,0
DA:256,0
DA:257,0
DA:258,0
DA:259,0
DA:260,0
DA:261,0
DA:262,0
DA:263,0
DA:264,0
LF:106
LH:0
end_of_record
SF:lib/presentation/splash/splash_screen.dart
DA:22,22
DA:24,3
DA:25,3
DA:31,2
DA:33,2
DA:34,3
DA:35,1
DA:36,2
DA:37,2
DA:39,2
DA:45,2
DA:47,2
DA:48,2
DA:50,2
DA:51,2
LF:15
LH:15
end_of_record
SF:lib/presentation/test/test_view.dart
DA:44,1
DA:46,1
DA:47,1
DA:87,0
DA:88,0
DA:89,0
DA:90,0
DA:91,0
DA:93,0
DA:96,0
DA:97,0
DA:101,0
DA:104,0
DA:105,0
DA:106,0
DA:110,0
DA:111,0
DA:115,0
DA:116,0
DA:119,0
DA:122,0
DA:123,0
DA:124,0
DA:128,0
DA:130,0
DA:134,0
DA:135,0
DA:136,0
DA:137,0
DA:140,0
DA:141,0
DA:145,0
DA:146,0
DA:148,0
DA:151,0
DA:152,0
DA:154,0
DA:155,0
DA:156,0
DA:161,0
DA:164,0
DA:165,0
DA:166,0
DA:167,0
DA:170,0
DA:174,0
DA:175,0
DA:180,0
DA:181,0
DA:182,0
DA:183,0
DA:184,0
DA:185,0
DA:186,0
DA:187,0
DA:188,0
DA:191,0
DA:192,0
DA:193,0
DA:195,0
DA:196,0
DA:198,0
DA:201,0
DA:205,0
DA:206,0
DA:207,0
DA:210,0
DA:211,0
DA:212,0
DA:213,0
DA:214,0
DA:216,0
DA:217,0
DA:218,0
DA:221,0
DA:224,0
DA:225,0
DA:226,0
DA:229,0
DA:230,0
DA:231,0
DA:236,0
DA:237,0
DA:238,0
DA:239,0
DA:241,0
DA:242,0
DA:248,0
DA:249,0
DA:250,0
DA:251,0
DA:252,0
DA:255,0
DA:256,0
DA:259,0
DA:260,0
DA:261,0
DA:264,0
DA:265,0
DA:266,0
DA:269,0
DA:270,0
DA:272,0
DA:273,0
DA:274,0
DA:275,0
DA:276,0
DA:279,0
DA:283,0
DA:284,0
DA:285,0
DA:286,0
DA:289,0
DA:290,0
DA:291,0
DA:295,1
DA:297,1
DA:298,3
DA:299,3
DA:300,3
DA:301,2
DA:302,1
DA:303,2
DA:304,3
DA:310,0
DA:311,0
DA:315,0
DA:317,0
DA:318,0
DA:320,0
DA:323,0
DA:324,0
DA:329,0
DA:331,0
DA:332,0
DA:333,0
DA:336,1
DA:338,2
DA:340,3
DA:341,3
DA:343,1
DA:344,1
DA:345,1
DA:346,1
DA:347,0
DA:350,1
DA:351,1
DA:353,1
DA:355,3
DA:356,1
DA:359,1
DA:361,1
DA:363,1
DA:369,1
DA:375,1
DA:376,2
DA:377,1
DA:378,2
DA:382,0
DA:383,0
DA:386,0
DA:390,0
DA:391,0
DA:392,0
DA:393,0
DA:394,0
DA:395,0
DA:397,0
DA:398,0
DA:400,0
DA:401,0
DA:405,0
DA:406,0
DA:407,0
DA:408,0
DA:409,0
DA:410,0
DA:412,0
DA:413,0
DA:414,0
DA:415,0
DA:416,0
DA:417,0
DA:418,0
DA:428,0
DA:429,0
DA:430,0
DA:432,0
DA:433,0
DA:443,0
DA:444,0
DA:446,0
DA:457,0
DA:460,0
DA:461,0
DA:462,0
DA:464,0
DA:470,0
DA:471,0
DA:472,0
DA:473,0
DA:474,0
DA:475,0
DA:476,0
DA:487,0
DA:489,0
DA:498,0
DA:499,0
DA:500,0
DA:501,0
DA:502,0
DA:503,0
DA:509,0
DA:511,0
DA:512,0
DA:534,0
DA:536,0
DA:537,0
DA:538,0
DA:539,0
DA:540,0
DA:541,0
DA:547,0
DA:549,0
DA:550,0
DA:572,0
DA:573,0
DA:574,0
DA:575,0
DA:576,0
DA:577,0
DA:583,0
DA:585,0
DA:586,0
DA:608,0
DA:611,0
DA:614,0
DA:708,0
DA:710,0
DA:714,0
DA:715,0
DA:717,0
DA:720,0
DA:721,0
DA:725,0
DA:726,0
DA:729,0
DA:730,0
DA:731,0
DA:739,0
DA:740,0
DA:741,0
DA:768,0
DA:769,0
DA:770,0
DA:773,0
DA:774,0
DA:775,0
DA:776,0
DA:777,0
DA:778,0
DA:782,0
DA:783,0
DA:785,0
DA:786,0
LF:265
LH:33
end_of_record
SF:lib/core/network/dependency_injection.dart
DA:28,12
DA:30,3
DA:31,6
DA:32,0
DA:35,6
DA:36,6
DA:39,6
DA:40,0
DA:41,0
DA:44,6
DA:45,0
DA:47,6
DA:48,2
DA:52,0
DA:53,0
DA:55,1
DA:56,1
DA:58,1
DA:59,2
DA:61,0
DA:62,3
DA:63,0
LF:22
LH:14
end_of_record
SF:lib/presentation/widgets/audio.dart
DA:19,12
DA:21,8
DA:23,4
DA:27,4
DA:28,4
DA:29,8
DA:32,4
DA:68,0
DA:69,0
DA:70,0
DA:78,0
DA:81,0
DA:83,0
LF:13
LH:7
end_of_record
SF:lib/core/utils/bluetooth_service_helper.dart
DA:30,8
DA:31,4
DA:33,8
DA:35,4
DA:46,3
DA:48,0
DA:50,0
DA:52,0
DA:53,0
DA:57,0
DA:59,0
DA:60,0
DA:61,0
DA:63,0
DA:64,0
DA:65,0
DA:66,0
DA:68,0
DA:70,0
DA:71,0
DA:72,0
DA:73,0
DA:79,0
DA:84,0
DA:85,0
DA:86,0
DA:89,0
DA:92,0
DA:93,0
DA:94,0
DA:97,0
DA:98,0
DA:100,0
DA:103,0
DA:108,3
DA:109,3
DA:110,0
DA:111,0
DA:115,0
DA:116,0
DA:117,0
DA:119,0
DA:122,0
DA:129,3
DA:130,3
DA:133,0
DA:136,0
DA:137,0
DA:138,0
DA:142,0
DA:143,0
DA:144,0
DA:145,0
DA:146,0
DA:147,0
DA:148,0
DA:149,0
DA:150,0
DA:151,0
DA:152,0
DA:153,0
DA:154,0
DA:157,0
DA:160,0
DA:161,0
DA:164,0
DA:166,0
DA:167,0
DA:179,0
DA:180,0
DA:181,0
DA:182,0
DA:183,0
DA:184,0
DA:185,0
DA:186,0
DA:187,0
DA:188,0
DA:189,0
DA:190,0
DA:192,0
DA:213,0
DA:214,0
DA:215,0
DA:216,0
DA:217,0
DA:223,0
DA:229,0
DA:230,0
DA:238,0
DA:240,0
DA:241,0
DA:242,0
LF:93
LH:9
end_of_record
SF:lib/core/utils/preferences.dart
DA:21,12
DA:24,4
DA:26,4
DA:27,4
DA:30,4
DA:31,4
DA:40,2
DA:42,0
DA:47,3
DA:48,3
DA:50,3
DA:52,1
DA:53,2
DA:54,2
DA:57,1
DA:58,2
DA:61,1
DA:62,1
DA:65,3
DA:66,3
DA:68,3
DA:69,3
DA:71,3
DA:72,3
DA:74,3
DA:75,3
DA:77,3
DA:78,3
DA:80,3
DA:81,3
DA:83,3
DA:84,6
DA:86,3
DA:87,6
LF:34
LH:33
end_of_record
SF:lib/presentation/doppler_connection/bluetoothlocal_event.dart
DA:12,0
DA:14,0
DA:15,0
DA:23,0
DA:25,0
DA:26,0
DA:34,0
DA:36,0
DA:37,0
LF:9
LH:0
end_of_record
SF:lib/presentation/doppler_connection/bluetoothlocal_state.dart
DA:25,21
DA:34,0
DA:42,0
DA:43,0
DA:44,0
DA:45,0
DA:46,0
DA:47,0
DA:48,0
DA:52,0
DA:53,0
DA:54,0
DA:55,0
DA:56,0
DA:57,0
DA:58,0
DA:59,0
LF:17
LH:1
end_of_record
SF:lib/presentation/doppler_connection/bluetoothlocal_bloc.dart
DA:29,0
DA:30,0
DA:31,0
DA:32,0
DA:33,0
DA:34,0
DA:37,0
DA:39,0
DA:43,0
DA:46,0
DA:47,0
DA:49,0
DA:50,0
DA:52,0
DA:56,0
DA:59,0
DA:60,0
DA:63,0
DA:64,0
DA:67,0
DA:68,0
DA:72,0
DA:73,0
DA:78,0
DA:80,0
DA:81,0
DA:84,0
DA:86,0
DA:87,0
DA:92,0
DA:94,0
DA:95,0
LF:32
LH:0
end_of_record
SF:lib/data/models/my_fhr_data.dart
DA:32,1
LF:1
LH:1
end_of_record
SF:lib/core/utils/date_format_utils.dart
DA:12,1
DA:13,0
DA:14,0
DA:16,2
DA:25,1
DA:26,0
DA:27,0
DA:29,2
DA:38,1
DA:39,0
DA:40,0
DA:42,2
DA:51,1
DA:52,0
DA:53,0
DA:55,4
DA:61,1
DA:62,1
DA:64,10
DA:70,1
DA:71,1
DA:72,2
DA:73,2
LF:23
LH:15
end_of_record
SF:lib/core/utils/utilities.dart
DA:21,0
DA:28,0
DA:35,7
DA:36,14
DA:39,2
DA:40,2
DA:41,8
DA:44,1
DA:45,1
DA:46,3
LF:10
LH:8
end_of_record
SF:lib/data/models/intrepretations2.dart
DA:26,0
DA:29,0
DA:30,0
DA:31,0
DA:32,0
DA:33,0
DA:34,0
DA:35,0
DA:36,0
DA:37,0
DA:38,0
DA:39,0
DA:40,0
DA:41,0
DA:42,0
DA:43,0
DA:44,0
DA:83,1
DA:84,1
DA:85,1
DA:86,1
DA:87,1
DA:93,1
DA:94,1
DA:95,1
DA:98,1
DA:101,0
DA:102,0
DA:103,0
DA:104,0
DA:105,0
DA:106,0
DA:107,0
DA:108,0
DA:109,0
DA:110,0
DA:111,0
DA:112,0
DA:115,3
DA:116,9
DA:117,6
DA:118,6
DA:119,8
DA:120,2
DA:121,6
DA:122,6
DA:123,4
DA:125,4
DA:126,2
DA:127,2
DA:128,6
DA:129,2
DA:130,4
DA:132,6
DA:134,6
DA:135,6
DA:138,4
DA:139,0
DA:140,0
DA:141,0
DA:142,0
DA:145,4
DA:146,2
DA:147,4
DA:148,2
DA:149,4
DA:150,2
DA:151,4
DA:152,2
DA:154,4
DA:155,4
DA:157,4
DA:159,0
DA:162,2
DA:163,6
DA:164,2
DA:180,0
DA:181,0
DA:184,1
DA:185,1
DA:188,1
DA:189,1
DA:192,1
DA:193,1
DA:196,1
DA:197,1
DA:200,1
DA:201,1
DA:204,1
DA:205,4
DA:208,1
DA:209,4
DA:212,1
DA:213,1
DA:216,1
DA:217,1
DA:220,1
DA:221,1
DA:224,0
DA:225,0
DA:228,1
DA:229,1
DA:232,2
DA:234,1
DA:235,1
DA:239,1
DA:240,2
DA:242,0
DA:245,1
DA:246,2
DA:248,0
DA:251,0
DA:252,0
DA:254,0
DA:257,2
DA:258,4
DA:261,8
DA:262,6
DA:263,0
DA:266,8
DA:267,6
DA:268,4
DA:269,2
DA:270,2
DA:271,2
DA:272,2
DA:273,6
DA:274,0
DA:283,2
DA:284,2
DA:285,2
DA:286,4
DA:287,2
DA:288,4
DA:289,8
DA:291,0
DA:298,2
DA:302,8
DA:303,6
DA:304,0
DA:305,0
DA:310,8
DA:311,6
DA:312,4
DA:313,2
DA:314,2
DA:315,2
DA:316,2
DA:317,6
DA:319,0
DA:320,0
DA:322,0
DA:330,2
DA:331,12
DA:332,8
DA:336,6
DA:337,2
DA:338,10
DA:339,6
DA:340,18
DA:341,2
DA:349,3
DA:351,3
DA:353,2
DA:354,2
DA:356,6
DA:357,4
DA:358,0
DA:359,0
DA:360,0
DA:365,6
DA:366,4
DA:367,2
DA:368,2
DA:369,2
DA:370,2
DA:371,2
DA:372,6
DA:373,0
DA:374,0
DA:375,0
DA:378,0
DA:380,0
DA:386,2
DA:390,3
DA:391,11
DA:392,8
DA:393,8
DA:395,0
DA:396,0
DA:397,0
DA:398,0
DA:399,0
DA:406,0
DA:409,0
DA:410,0
DA:412,0
DA:414,0
DA:417,0
DA:420,0
DA:421,0
DA:422,0
DA:423,0
DA:432,2
DA:433,2
DA:434,2
DA:435,6
DA:436,2
DA:440,4
DA:441,4
DA:442,4
DA:443,2
DA:446,2
DA:447,4
DA:449,0
DA:453,2
DA:454,6
DA:455,2
DA:456,4
DA:458,2
DA:459,6
DA:460,4
DA:461,4
DA:463,4
DA:464,2
DA:470,2
DA:472,6
DA:473,8
DA:474,6
DA:475,0
DA:477,2
DA:478,8
DA:484,2
DA:485,2
DA:486,2
DA:489,2
DA:495,4
DA:496,2
DA:499,6
DA:500,2
DA:501,4
DA:502,0
DA:505,6
DA:509,6
DA:510,4
DA:511,2
DA:518,6
DA:519,8
DA:520,8
DA:521,8
DA:522,8
DA:523,8
DA:524,8
DA:525,10
DA:526,3
DA:533,4
DA:537,2
DA:542,4
DA:543,6
DA:545,4
DA:546,0
DA:547,0
DA:549,6
DA:550,0
DA:551,0
DA:554,6
DA:555,0
DA:557,4
DA:564,6
DA:565,4
DA:566,0
DA:567,0
DA:569,6
DA:570,4
DA:571,2
DA:573,4
DA:575,0
DA:582,4
DA:583,4
DA:586,8
DA:587,4
DA:588,12
DA:589,2
DA:593,10
DA:594,2
DA:595,2
DA:600,2
DA:604,6
DA:605,8
DA:606,4
DA:607,14
DA:611,8
DA:612,2
DA:613,14
DA:619,2
DA:628,8
DA:629,2
DA:630,14
DA:636,2
DA:637,2
DA:638,2
DA:640,4
DA:642,4
DA:643,16
DA:644,0
DA:646,4
DA:649,2
DA:650,4
DA:652,0
DA:656,0
DA:657,0
DA:658,0
DA:659,0
DA:663,0
DA:664,0
DA:665,0
DA:666,0
DA:669,0
DA:670,0
DA:672,0
DA:677,2
DA:678,2
DA:679,8
DA:680,10
DA:681,4
DA:682,0
DA:685,8
DA:700,2
DA:702,4
DA:703,6
DA:704,4
DA:705,0
DA:707,2
DA:708,6
DA:715,0
DA:716,0
DA:720,0
DA:722,0
DA:723,0
DA:724,0
DA:725,0
DA:726,0
DA:728,0
DA:729,0
DA:732,0
DA:739,0
DA:741,0
DA:744,0
DA:747,0
DA:748,0
DA:749,0
DA:750,0
DA:751,0
DA:752,0
DA:757,0
DA:759,0
DA:762,0
DA:763,0
DA:764,0
DA:766,0
DA:767,0
DA:768,0
DA:770,0
DA:771,0
DA:774,0
DA:775,0
DA:777,0
DA:778,0
DA:779,0
DA:787,0
DA:788,0
DA:789,0
DA:790,0
DA:791,0
DA:792,0
DA:793,0
DA:798,0
DA:804,2
DA:805,2
DA:806,4
DA:811,4
DA:812,2
DA:813,10
DA:830,4
DA:831,0
DA:832,0
DA:834,0
DA:842,0
DA:844,0
DA:845,0
DA:846,0
DA:847,0
DA:848,0
DA:856,2
DA:857,0
DA:859,0
DA:865,4
DA:867,2
DA:870,0
DA:872,0
DA:873,0
DA:874,0
DA:875,0
DA:876,0
DA:884,2
DA:1002,2
DA:1003,2
DA:1004,4
DA:1008,4
DA:1009,2
DA:1010,6
DA:1011,10
DA:1013,2
DA:1014,0
DA:1015,0
DA:1017,0
DA:1018,0
DA:1021,2
DA:1022,0
DA:1024,0
DA:1025,0
DA:1026,0
DA:1027,0
DA:1028,0
DA:1029,0
DA:1030,0
DA:1031,0
DA:1032,0
DA:1033,0
DA:1034,0
DA:1035,0
DA:1039,2
DA:1045,2
DA:1048,0
DA:1050,0
DA:1051,0
DA:1056,0
DA:1057,0
DA:1058,0
DA:1060,0
DA:1061,0
DA:1062,0
DA:1064,0
DA:1065,0
DA:1067,0
DA:1068,0
DA:1069,0
DA:1073,0
DA:1074,0
DA:1075,0
DA:1076,0
DA:1077,0
DA:1091,0
DA:1092,0
DA:1093,0
DA:1094,0
DA:1095,0
DA:1096,0
DA:1097,0
DA:1100,0
DA:1101,0
DA:1102,0
DA:1103,0
DA:1105,0
DA:1106,0
DA:1107,0
DA:1108,0
DA:1109,0
DA:1114,2
DA:1119,6
DA:1120,2
DA:1121,2
DA:1122,2
DA:1123,4
DA:1126,6
DA:1127,8
DA:1128,4
DA:1129,4
DA:1130,2
DA:1131,0
DA:1133,2
DA:1137,8
DA:1142,6
DA:1143,4
DA:1144,6
DA:1145,8
DA:1148,6
DA:1149,4
DA:1150,2
DA:1151,4
DA:1154,2
DA:1155,4
DA:1156,2
DA:1158,2
DA:1161,4
DA:1162,8
DA:1170,2
DA:1176,6
DA:1177,4
DA:1178,0
DA:1181,4
DA:1184,6
DA:1186,4
DA:1188,2
DA:1191,2
DA:1198,6
DA:1199,4
DA:1200,0
DA:1203,4
DA:1206,8
DA:1209,4
DA:1210,0
DA:1211,0
DA:1213,4
DA:1217,0
DA:1222,2
DA:1223,6
DA:1229,10
DA:1230,2
DA:1231,12
DA:1232,2
DA:1233,2
DA:1234,14
DA:1237,8
DA:1238,2
DA:1239,8
DA:1242,2
DA:1249,8
DA:1250,2
DA:1251,2
DA:1252,4
DA:1255,2
DA:1256,6
DA:1257,4
DA:1258,12
DA:1259,6
DA:1261,10
DA:1262,2
DA:1263,0
DA:1265,2
DA:1269,8
DA:1273,4
DA:1274,6
DA:1275,6
DA:1277,0
DA:1278,8
DA:1287,0
DA:1288,0
DA:1289,0
DA:1292,0
DA:1295,0
DA:1296,0
DA:1297,0
DA:1300,0
DA:1301,0
DA:1305,0
DA:1306,0
DA:1307,0
DA:1310,0
DA:1312,0
DA:1313,0
DA:1314,0
DA:1316,0
DA:1317,0
DA:1320,0
DA:1321,0
DA:1330,4
LF:567
LH:327
end_of_record
SF:lib/data/models/marker_indices.dart
DA:18,2
DA:19,0
DA:20,0
DA:21,0
DA:27,0
DA:28,0
DA:31,0
DA:32,0
DA:35,0
DA:36,0
DA:39,0
DA:40,0
LF:12
LH:1
end_of_record
SF:lib/presentation/all_mothers/all_mothers_state.dart
DA:13,31
DA:15,1
DA:16,1
DA:26,31
DA:28,1
DA:29,2
DA:35,30
DA:37,1
DA:38,2
LF:9
LH:9
end_of_record
SF:lib/presentation/all_mothers/all_mothers_cubit.dart
DA:28,3
DA:31,1
DA:32,2
DA:34,3
DA:35,2
DA:36,2
DA:37,1
DA:38,4
DA:39,1
DA:42,1
DA:43,1
DA:44,2
DA:47,2
DA:48,1
DA:49,6
DA:50,3
DA:52,1
DA:55,3
DA:56,1
DA:57,1
DA:58,1
DA:64,1
DA:65,1
DA:66,0
DA:70,2
DA:71,3
DA:72,2
DA:73,1
DA:74,1
DA:76,1
DA:77,1
DA:79,2
LF:32
LH:31
end_of_record
SF:lib/presentation/details/details_cubit.dart
DA:40,9
DA:41,3
DA:44,3
DA:45,6
DA:50,10
DA:51,6
DA:53,1
DA:56,15
DA:57,6
DA:59,1
DA:62,15
DA:63,6
DA:65,3
DA:66,3
DA:67,2
DA:68,2
DA:71,6
DA:72,3
DA:73,1
DA:75,9
DA:84,1
DA:85,1
DA:88,0
DA:89,0
DA:92,0
DA:94,0
DA:96,0
DA:97,0
DA:99,0
DA:100,0
DA:106,1
DA:108,1
DA:109,1
DA:110,1
DA:112,2
DA:113,1
DA:114,1
DA:116,3
DA:121,0
DA:127,1
DA:128,3
DA:129,3
DA:133,1
DA:134,1
DA:135,4
DA:138,0
DA:139,0
DA:140,0
DA:141,0
DA:144,0
DA:145,0
DA:148,0
DA:149,0
DA:151,0
DA:152,0
DA:157,0
DA:158,0
DA:159,0
DA:161,0
DA:164,0
DA:167,0
DA:168,0
DA:169,0
DA:170,0
DA:171,0
DA:174,0
DA:175,0
DA:176,0
DA:177,0
DA:182,0
DA:183,0
DA:184,0
DA:185,0
DA:186,0
DA:190,0
DA:191,0
DA:192,0
DA:193,0
DA:195,0
DA:196,0
DA:197,0
DA:198,0
DA:199,0
DA:201,0
DA:202,0
DA:203,0
DA:206,0
DA:208,0
DA:209,0
DA:210,0
DA:212,0
DA:213,0
DA:217,0
DA:219,0
DA:222,0
DA:225,1
DA:226,1
DA:229,1
DA:230,0
DA:231,3
DA:233,0
DA:234,0
DA:237,0
DA:238,0
DA:240,0
DA:242,0
DA:243,0
DA:244,0
DA:245,0
DA:248,0
DA:249,0
DA:253,0
DA:254,0
DA:255,0
DA:264,1
DA:265,1
DA:266,1
DA:267,1
DA:268,1
DA:269,1
DA:272,2
DA:273,1
DA:274,1
DA:275,0
DA:278,0
DA:286,1
DA:288,2
DA:289,1
LF:128
LH:52
end_of_record
SF:lib/presentation/login/login_state.dart
DA:12,23
DA:14,1
DA:15,1
DA:27,23
DA:29,1
DA:30,2
LF:6
LH:6
end_of_record
SF:lib/presentation/login/login_cubit.dart
DA:30,1
DA:31,0
DA:32,2
DA:34,1
DA:35,2
DA:38,2
DA:41,2
DA:44,1
DA:45,1
DA:49,2
DA:50,2
DA:51,3
DA:52,1
DA:53,1
DA:54,2
DA:57,2
DA:60,1
DA:61,1
DA:65,2
DA:66,0
DA:67,0
DA:68,0
DA:69,0
DA:70,0
DA:71,0
DA:72,0
DA:74,2
DA:75,2
DA:78,1
DA:79,1
DA:83,2
DA:84,2
DA:85,3
DA:86,2
DA:87,3
DA:88,1
DA:89,1
DA:90,3
DA:92,2
DA:94,2
DA:97,1
DA:98,1
DA:101,1
DA:102,1
DA:103,2
DA:105,1
DA:110,3
DA:111,4
LF:48
LH:40
end_of_record
SF:lib/presentation/register_mother/register_mother_state.dart
DA:14,0
DA:16,0
DA:17,0
DA:27,0
DA:33,0
DA:39,0
LF:6
LH:0
end_of_record
SF:lib/presentation/register_mother/register_mother_cubit.dart
DA:30,0
DA:34,0
DA:43,0
DA:45,0
DA:47,0
DA:48,0
DA:49,0
DA:50,0
DA:51,0
DA:52,0
DA:53,0
DA:54,0
DA:55,0
DA:56,0
DA:57,0
DA:58,0
DA:59,0
DA:60,0
DA:61,0
DA:63,0
DA:67,0
DA:69,0
DA:71,0
DA:72,0
DA:73,0
DA:74,0
DA:75,0
DA:77,0
DA:80,0
DA:81,0
DA:84,0
DA:87,0
DA:88,0
DA:89,0
DA:94,0
DA:103,0
DA:105,0
DA:106,0
DA:107,0
DA:108,0
DA:109,0
DA:110,0
DA:111,0
DA:112,0
DA:113,0
DA:114,0
DA:115,0
DA:116,0
DA:117,0
DA:118,0
DA:119,0
DA:120,0
DA:122,0
DA:126,0
DA:128,0
DA:130,0
DA:134,0
DA:135,0
DA:143,0
DA:147,0
DA:148,0
DA:150,0
DA:152,0
DA:155,0
DA:156,0
DA:157,0
DA:158,0
DA:159,0
DA:165,0
DA:171,0
DA:172,0
DA:173,0
DA:174,0
DA:175,0
LF:74
LH:0
end_of_record
SF:lib/presentation/widgets/animated_counter.dart
DA:23,1
DA:30,1
DA:32,1
DA:33,2
DA:34,1
DA:35,1
DA:36,1
DA:37,1
DA:38,1
LF:9
LH:9
end_of_record
SF:lib/presentation/details/details_state.dart
DA:43,3
DA:57,3
DA:70,3
DA:71,2
DA:72,2
DA:73,3
DA:74,3
DA:75,3
DA:76,3
DA:77,3
DA:78,3
DA:79,3
DA:80,2
DA:81,2
DA:85,3
DA:86,3
DA:87,3
DA:88,3
DA:89,3
DA:90,3
DA:91,3
DA:92,3
DA:93,3
DA:94,3
DA:95,3
DA:96,3
DA:97,3
DA:102,0
LF:28
LH:27
end_of_record
SF:lib/presentation/widgets/fhr_pdf_view_2.dart
DA:81,0
DA:82,0
DA:87,0
DA:89,0
DA:90,0
DA:91,0
DA:92,0
DA:93,0
DA:96,0
DA:98,0
DA:99,0
DA:100,0
DA:102,0
DA:105,0
DA:106,0
DA:107,0
DA:108,0
DA:109,0
DA:110,0
DA:111,0
DA:112,0
DA:113,0
DA:114,0
DA:116,0
DA:117,0
DA:118,0
DA:123,0
DA:126,0
DA:128,0
DA:129,0
DA:130,0
DA:132,0
DA:133,0
DA:134,0
DA:135,0
DA:137,0
DA:138,0
DA:140,0
DA:141,0
DA:143,0
DA:144,0
DA:145,0
DA:146,0
DA:147,0
DA:148,0
DA:151,0
DA:152,0
DA:153,0
DA:154,0
DA:156,0
DA:158,0
DA:162,0
DA:164,0
DA:174,0
DA:177,0
DA:178,0
DA:179,0
DA:180,0
DA:181,0
DA:182,0
DA:183,0
DA:184,0
DA:185,0
DA:186,0
DA:187,0
DA:190,0
DA:193,0
DA:194,0
DA:199,0
DA:200,0
DA:201,0
DA:202,0
DA:203,0
DA:204,0
DA:205,0
DA:206,0
DA:207,0
DA:208,0
DA:209,0
DA:210,0
DA:211,0
DA:212,0
DA:213,0
DA:214,0
DA:215,0
DA:216,0
DA:217,0
DA:218,0
DA:219,0
DA:220,0
DA:221,0
DA:222,0
DA:223,0
DA:224,0
DA:225,0
DA:226,0
DA:227,0
DA:228,0
DA:229,0
DA:230,0
DA:231,0
DA:232,0
DA:233,0
DA:234,0
DA:236,0
DA:237,0
DA:238,0
DA:240,0
DA:242,0
DA:243,0
DA:244,0
DA:245,0
DA:249,0
DA:250,0
DA:251,0
DA:253,0
DA:254,0
DA:256,0
DA:257,0
DA:259,0
DA:263,0
DA:265,0
DA:266,0
DA:267,0
DA:269,0
DA:271,0
DA:272,0
DA:276,0
DA:278,0
DA:279,0
DA:281,0
DA:282,0
DA:284,0
DA:292,0
DA:294,0
DA:296,0
DA:298,0
DA:304,0
DA:310,0
DA:311,0
DA:312,0
DA:313,0
DA:314,0
DA:315,0
DA:317,0
DA:319,0
DA:320,0
DA:322,0
DA:323,0
DA:324,0
DA:325,0
DA:326,0
DA:329,0
DA:330,0
DA:331,0
DA:332,0
DA:345,0
DA:347,0
DA:348,0
DA:349,0
DA:350,0
DA:363,0
DA:364,0
DA:365,0
DA:366,0
DA:367,0
DA:368,0
DA:372,0
DA:373,0
DA:374,0
DA:375,0
DA:377,0
DA:378,0
DA:379,0
DA:380,0
DA:381,0
DA:383,0
DA:384,0
DA:385,0
DA:386,0
DA:387,0
DA:388,0
DA:389,0
DA:390,0
DA:391,0
DA:397,0
DA:398,0
DA:399,0
DA:400,0
DA:401,0
DA:402,0
DA:403,0
DA:406,0
DA:407,0
DA:408,0
DA:409,0
DA:410,0
DA:413,0
DA:414,0
DA:415,0
DA:416,0
DA:418,0
DA:419,0
DA:420,0
DA:421,0
DA:422,0
DA:423,0
DA:429,0
DA:431,0
DA:432,0
DA:433,0
DA:434,0
DA:451,0
DA:452,0
DA:453,0
DA:454,0
DA:455,0
DA:456,0
DA:458,0
DA:459,0
DA:460,0
DA:461,0
DA:463,0
DA:464,0
DA:465,0
DA:466,0
DA:467,0
DA:469,0
DA:470,0
DA:471,0
DA:472,0
DA:473,0
DA:474,0
DA:475,0
DA:476,0
DA:477,0
DA:483,0
DA:486,0
DA:487,0
DA:491,0
DA:492,0
DA:495,0
DA:496,0
DA:497,0
DA:498,0
DA:500,0
DA:501,0
DA:502,0
DA:503,0
DA:504,0
DA:505,0
DA:507,0
DA:509,0
DA:511,0
DA:512,0
DA:513,0
DA:514,0
DA:515,0
DA:516,0
DA:517,0
DA:520,0
DA:521,0
DA:522,0
DA:523,0
DA:525,0
DA:526,0
DA:527,0
DA:528,0
DA:529,0
DA:531,0
DA:532,0
DA:533,0
DA:534,0
DA:535,0
DA:536,0
DA:537,0
DA:541,0
DA:542,0
DA:543,0
DA:544,0
DA:546,0
DA:547,0
DA:548,0
DA:549,0
DA:550,0
DA:552,0
DA:553,0
DA:554,0
DA:555,0
DA:556,0
DA:557,0
DA:561,0
DA:562,0
DA:563,0
DA:564,0
DA:566,0
DA:567,0
DA:568,0
DA:569,0
DA:570,0
DA:572,0
DA:573,0
DA:574,0
DA:575,0
DA:576,0
DA:577,0
DA:578,0
DA:581,0
DA:582,0
DA:583,0
DA:584,0
DA:585,0
DA:587,0
DA:588,0
DA:589,0
DA:590,0
DA:591,0
DA:592,0
DA:594,0
DA:595,0
DA:596,0
DA:598,0
DA:599,0
DA:600,0
DA:601,0
DA:602,0
DA:604,0
DA:605,0
DA:606,0
DA:607,0
DA:609,0
DA:611,0
DA:612,0
DA:613,0
DA:614,0
DA:615,0
DA:617,0
DA:618,0
DA:619,0
DA:620,0
DA:621,0
DA:622,0
DA:623,0
DA:624,0
DA:625,0
DA:626,0
DA:627,0
DA:628,0
DA:629,0
DA:630,0
DA:631,0
DA:633,0
DA:634,0
DA:635,0
DA:637,0
DA:638,0
DA:640,0
DA:642,0
DA:643,0
DA:645,0
DA:646,0
DA:647,0
DA:648,0
DA:650,0
DA:651,0
DA:652,0
DA:655,0
DA:661,0
DA:665,0
DA:666,0
DA:667,0
DA:669,0
DA:674,0
DA:676,0
DA:678,0
DA:679,0
DA:680,0
DA:681,0
DA:682,0
DA:683,0
DA:690,0
DA:691,0
DA:697,0
DA:698,0
DA:699,0
DA:700,0
DA:705,0
DA:706,0
DA:710,0
DA:714,0
DA:715,0
DA:716,0
DA:718,0
DA:723,0
DA:724,0
DA:726,0
DA:727,0
DA:731,0
DA:732,0
DA:733,0
DA:734,0
DA:735,0
DA:742,0
DA:743,0
DA:749,0
DA:750,0
DA:751,0
DA:753,0
DA:754,0
DA:755,0
DA:756,0
DA:757,0
DA:758,0
DA:759,0
DA:760,0
DA:761,0
DA:762,0
DA:763,0
DA:764,0
DA:765,0
DA:766,0
DA:767,0
DA:768,0
DA:789,0
DA:790,0
DA:791,0
DA:793,0
DA:794,0
DA:795,0
DA:796,0
DA:810,0
DA:811,0
DA:812,0
DA:813,0
DA:814,0
DA:815,0
DA:816,0
DA:817,0
DA:818,0
DA:819,0
DA:820,0
DA:821,0
DA:822,0
DA:823,0
DA:824,0
DA:825,0
DA:826,0
DA:827,0
DA:828,0
DA:829,0
DA:830,0
DA:831,0
DA:832,0
DA:833,0
DA:834,0
DA:835,0
DA:856,0
DA:858,0
DA:859,0
DA:863,0
DA:864,0
DA:865,0
DA:867,0
DA:868,0
DA:869,0
DA:872,0
DA:873,0
DA:881,0
DA:882,0
DA:883,0
DA:884,0
DA:890,0
DA:891,0
DA:892,0
DA:893,0
DA:899,0
DA:900,0
DA:901,0
DA:902,0
DA:903,0
DA:904,0
DA:905,0
DA:906,0
DA:911,0
DA:912,0
DA:913,0
DA:914,0
DA:915,0
DA:916,0
DA:917,0
DA:918,0
DA:923,0
DA:925,0
DA:926,0
DA:927,0
DA:928,0
DA:929,0
DA:930,0
DA:931,0
LF:499
LH:0
end_of_record
SF:lib/presentation/widgets/interpretation_dialog.dart
DA:34,0
DA:37,0
DA:38,0
DA:46,0
DA:48,0
DA:49,0
DA:50,0
DA:53,0
DA:55,0
DA:56,0
DA:57,0
DA:61,0
DA:65,0
DA:66,0
DA:67,0
DA:68,0
DA:69,0
DA:72,0
DA:81,0
DA:82,0
DA:83,0
DA:84,0
DA:102,0
DA:104,0
DA:105,0
DA:117,0
DA:118,0
DA:122,0
DA:125,0
DA:129,0
DA:130,0
DA:134,0
DA:140,0
DA:142,0
DA:143,0
DA:145,0
DA:154,0
DA:155,0
DA:156,0
DA:167,0
DA:169,0
DA:176,0
DA:177,0
DA:178,0
DA:192,0
DA:193,0
DA:196,0
DA:197,0
LF:48
LH:0
end_of_record
SF:lib/presentation/widgets/pdf_base_page.dart
DA:27,0
DA:36,0
DA:38,0
DA:39,0
DA:40,0
DA:41,0
DA:42,0
DA:43,0
DA:44,0
DA:45,0
DA:46,0
DA:51,0
DA:54,0
DA:55,0
DA:56,0
DA:62,0
DA:63,0
DA:64,0
DA:65,0
DA:66,0
DA:88,0
DA:91,0
DA:96,0
DA:97,0
DA:99,0
DA:100,0
DA:101,0
DA:103,0
DA:105,0
DA:107,0
DA:109,0
DA:111,0
DA:113,0
DA:115,0
DA:117,0
DA:119,0
DA:121,0
DA:123,0
DA:126,0
DA:128,0
DA:140,0
DA:141,0
DA:142,0
DA:148,0
DA:149,0
DA:150,0
DA:151,0
DA:152,0
DA:171,0
DA:174,0
DA:179,0
DA:180,0
DA:182,0
DA:183,0
DA:184,0
DA:186,0
DA:188,0
DA:190,0
DA:192,0
DA:194,0
DA:196,0
DA:198,0
DA:200,0
DA:202,0
DA:205,0
DA:207,0
DA:219,0
DA:220,0
DA:221,0
DA:229,0
DA:230,0
DA:231,0
DA:232,0
DA:238,0
DA:240,0
DA:241,0
DA:242,0
DA:252,0
DA:253,0
DA:254,0
DA:262,0
DA:269,0
DA:270,0
DA:271,0
DA:272,0
DA:273,0
DA:281,0
DA:286,0
DA:297,0
DA:304,0
DA:306,0
DA:307,0
DA:308,0
DA:316,0
DA:317,0
DA:318,0
DA:319,0
DA:322,0
DA:323,0
DA:324,0
DA:331,0
DA:334,0
DA:335,0
DA:337,0
DA:338,0
DA:339,0
DA:340,0
DA:341,0
DA:342,0
DA:344,0
DA:347,0
DA:348,0
DA:349,0
DA:351,0
DA:352,0
DA:353,0
DA:355,0
DA:357,0
DA:360,0
DA:361,0
DA:362,0
DA:363,0
DA:364,0
DA:365,0
DA:381,0
DA:383,0
DA:385,0
DA:391,0
DA:392,0
DA:394,0
DA:395,0
DA:396,0
DA:400,0
DA:402,0
DA:409,0
DA:410,0
DA:411,0
DA:412,0
DA:413,0
DA:414,0
DA:429,0
DA:430,0
DA:432,0
DA:433,0
DA:440,0
DA:441,0
DA:443,0
DA:447,0
DA:463,0
DA:465,0
DA:467,0
DA:469,0
DA:472,0
DA:473,0
DA:474,0
DA:475,0
DA:476,0
DA:477,0
DA:485,0
DA:486,0
DA:487,0
DA:488,0
DA:489,0
DA:503,0
DA:504,0
DA:505,0
DA:509,0
DA:510,0
DA:513,0
DA:515,0
DA:520,0
DA:525,0
DA:526,0
DA:531,0
DA:532,0
DA:534,0
DA:535,0
LF:177
LH:0
end_of_record
SF:lib/presentation/graph/graph_painter.dart
DA:114,1
DA:144,1
DA:146,2
DA:147,2
DA:149,3
DA:150,3
DA:152,3
DA:153,3
DA:154,3
DA:155,2
DA:157,2
DA:158,2
DA:159,3
DA:160,2
DA:161,2
DA:162,3
DA:163,2
DA:164,2
DA:165,3
DA:166,2
DA:167,1
DA:168,3
DA:169,2
DA:170,1
DA:171,3
DA:172,2
DA:173,1
DA:174,3
DA:175,2
DA:176,1
DA:177,3
DA:178,2
DA:179,1
DA:180,3
DA:181,2
DA:182,1
DA:183,3
DA:184,2
DA:185,1
DA:186,3
DA:189,2
DA:190,1
DA:191,3
DA:193,1
DA:195,1
DA:200,0
DA:202,0
DA:209,1
DA:210,2
DA:212,3
DA:213,2
DA:214,3
DA:216,3
DA:218,1
DA:219,4
DA:221,1
DA:222,4
DA:224,4
DA:225,5
DA:227,2
DA:228,9
DA:230,5
DA:232,3
DA:233,7
DA:235,5
DA:237,4
DA:238,7
DA:240,3
DA:241,8
DA:243,4
DA:245,3
DA:249,1
DA:250,1
DA:251,1
DA:253,1
DA:254,1
DA:257,4
DA:258,4
DA:259,4
DA:261,1
DA:262,1
DA:263,1
DA:265,1
DA:266,1
DA:267,3
DA:268,1
DA:269,3
DA:270,1
DA:271,3
DA:284,1
DA:285,3
DA:286,1
DA:287,1
DA:288,2
DA:289,1
DA:290,1
DA:291,1
DA:298,1
DA:303,1
DA:304,1
DA:305,8
DA:306,3
DA:307,4
DA:308,2
DA:311,7
DA:312,7
DA:314,3
DA:315,7
DA:316,7
DA:318,1
DA:319,1
DA:320,8
DA:321,9
DA:322,1
DA:323,4
DA:324,4
DA:331,1
DA:332,6
DA:333,8
DA:334,2
DA:337,1
DA:338,6
DA:339,6
DA:340,1
DA:346,1
DA:348,4
DA:349,6
DA:350,4
DA:351,6
DA:356,3
DA:357,2
DA:358,1
DA:359,6
DA:360,8
DA:361,1
DA:363,1
DA:364,6
DA:365,3
DA:366,7
DA:368,1
DA:369,9
DA:370,4
DA:371,7
DA:372,1
DA:374,1
DA:375,6
DA:376,8
DA:377,1
DA:379,1
DA:380,9
DA:381,4
DA:382,7
DA:383,1
DA:389,1
DA:391,2
DA:392,1
DA:393,7
DA:394,7
DA:395,1
DA:398,3
DA:399,7
DA:400,7
DA:403,1
DA:404,9
DA:405,1
DA:406,8
DA:407,1
DA:410,6
DA:411,1
DA:412,6
DA:413,6
DA:414,1
DA:420,1
DA:422,4
DA:423,6
DA:424,4
DA:425,6
DA:430,3
DA:431,2
DA:432,1
DA:433,6
DA:434,8
DA:435,1
DA:437,1
DA:438,5
DA:439,3
DA:440,7
DA:442,1
DA:443,1
DA:444,8
DA:445,4
DA:446,7
DA:447,1
DA:449,1
DA:450,6
DA:451,8
DA:452,1
DA:453,1
DA:454,1
DA:455,8
DA:456,4
DA:457,7
DA:458,1
DA:465,1
DA:466,1
DA:473,1
DA:474,8
DA:476,1
DA:481,1
DA:482,2
DA:484,1
DA:485,1
DA:486,1
DA:487,1
DA:488,1
DA:489,3
DA:496,1
DA:497,2
DA:502,1
DA:503,1
DA:510,0
DA:511,0
DA:513,0
DA:518,0
DA:519,0
DA:521,0
DA:522,0
DA:523,0
DA:524,0
DA:525,0
DA:526,0
DA:533,0
DA:534,0
DA:539,1
DA:541,2
DA:542,1
DA:546,3
DA:547,3
DA:548,1
DA:549,1
DA:550,2
DA:551,4
DA:552,2
DA:553,1
DA:554,4
DA:555,4
DA:556,4
DA:557,7
DA:558,1
DA:559,1
DA:560,4
DA:561,4
DA:562,6
DA:563,7
DA:564,1
DA:586,1
DA:588,2
DA:589,1
DA:593,3
DA:594,3
DA:595,1
DA:596,1
DA:597,2
DA:598,4
DA:599,2
DA:600,1
DA:601,4
DA:602,5
DA:603,4
DA:604,4
DA:605,1
DA:606,1
DA:607,4
DA:608,5
DA:609,1
DA:610,2
DA:611,2
DA:612,2
DA:613,1
DA:614,4
DA:615,1
DA:616,1
DA:617,4
DA:618,6
DA:619,1
DA:620,2
DA:621,2
DA:622,2
DA:623,1
DA:624,4
DA:625,1
DA:647,1
DA:648,5
DA:655,1
DA:656,1
DA:657,4
DA:659,9
DA:660,1
DA:662,3
DA:667,1
DA:668,4
DA:670,1
DA:678,1
DA:679,3
DA:687,1
DA:689,1
DA:695,0
DA:696,0
DA:697,0
DA:701,0
DA:702,0
DA:752,1
DA:753,3
DA:754,5
DA:761,1
DA:762,3
DA:763,5
DA:769,1
DA:770,3
DA:771,1
DA:772,4
DA:780,1
DA:781,1
DA:782,1
DA:783,4
DA:791,1
DA:792,1
DA:793,7
DA:794,1
DA:796,1
DA:798,1
DA:800,5
LF:332
LH:312
end_of_record
SF:lib/presentation/widgets/custom_radio_btn.dart
DA:26,0
DA:40,0
DA:41,0
DA:42,0
DA:65,0
DA:66,0
DA:74,0
DA:76,0
DA:78,0
DA:81,0
DA:82,0
DA:83,0
DA:84,0
DA:86,0
DA:87,0
DA:88,0
DA:89,0
DA:90,0
DA:91,0
DA:92,0
DA:96,0
DA:97,0
DA:98,0
DA:99,0
DA:100,0
DA:101,0
DA:102,0
DA:105,0
DA:106,0
DA:107,0
DA:110,0
DA:111,0
DA:112,0
DA:113,0
DA:114,0
DA:115,0
DA:118,0
DA:120,0
DA:121,0
DA:122,0
DA:123,0
DA:125,0
DA:133,0
DA:138,0
DA:139,0
DA:140,0
DA:141,0
DA:143,0
DA:144,0
DA:145,0
DA:146,0
DA:147,0
DA:148,0
DA:149,0
DA:153,0
DA:154,0
DA:157,0
DA:158,0
DA:159,0
DA:160,0
DA:161,0
DA:164,0
DA:165,0
DA:166,0
DA:169,0
DA:170,0
DA:171,0
DA:172,0
DA:173,0
DA:175,0
DA:177,0
DA:179,0
DA:180,0
DA:181,0
DA:182,0
DA:184,0
DA:192,0
DA:197,0
DA:199,0
DA:200,0
DA:201,0
DA:203,0
DA:204,0
DA:205,0
DA:207,0
DA:209,0
DA:211,0
LF:87
LH:0
end_of_record
SF:lib/data/models/user_model.dart
DA:55,2
DA:94,6
DA:96,3
DA:97,3
DA:98,3
DA:99,3
DA:100,3
DA:101,3
DA:102,3
DA:103,3
DA:104,3
DA:106,6
DA:107,3
DA:108,6
DA:109,2
DA:110,2
DA:111,6
DA:112,2
DA:113,2
DA:114,3
DA:115,3
DA:116,3
DA:117,3
DA:118,3
DA:119,3
DA:120,3
DA:121,3
DA:122,3
DA:123,3
DA:124,3
DA:125,3
DA:126,3
DA:127,3
DA:128,3
DA:129,3
DA:130,3
DA:131,3
DA:132,3
DA:133,3
DA:134,3
DA:135,3
DA:136,3
DA:137,3
DA:139,5
DA:140,5
DA:141,5
DA:142,5
DA:143,5
DA:144,5
DA:145,5
DA:146,5
DA:147,5
DA:148,5
DA:149,5
DA:150,5
DA:151,14
DA:152,14
DA:153,5
DA:154,5
DA:155,5
DA:156,5
DA:157,5
DA:158,5
DA:159,5
DA:160,5
DA:161,5
DA:162,5
DA:163,5
DA:164,5
DA:165,5
DA:166,5
DA:167,5
DA:168,5
DA:169,5
DA:170,5
DA:171,5
DA:172,5
DA:173,5
DA:174,5
DA:175,5
DA:176,5
DA:180,2
DA:181,2
DA:182,2
DA:183,2
DA:184,2
DA:185,2
DA:186,2
DA:187,2
DA:188,2
DA:189,2
DA:190,2
DA:191,2
DA:192,4
DA:193,4
DA:194,0
DA:195,4
DA:196,4
DA:197,0
DA:198,2
DA:199,2
DA:200,2
DA:201,2
DA:202,2
DA:203,2
DA:204,2
DA:205,2
DA:206,2
DA:207,2
DA:208,2
DA:209,2
DA:210,2
DA:211,2
DA:212,2
DA:213,2
DA:214,2
DA:215,2
DA:216,2
DA:217,2
DA:218,2
DA:219,2
DA:220,2
DA:221,2
LF:123
LH:121
end_of_record
SF:lib/presentation/widgets/date_picker_widget.dart
DA:25,0
DA:32,0
DA:33,0
DA:38,0
DA:39,0
DA:41,0
DA:42,0
DA:43,0
DA:47,0
DA:48,0
DA:51,0
DA:52,0
DA:57,0
DA:59,0
DA:60,0
DA:62,0
DA:63,0
DA:66,0
LF:18
LH:0
end_of_record
SF:lib/data/models/doctor_model.dart
DA:20,1
DA:22,1
DA:23,1
DA:24,1
DA:25,1
LF:5
LH:5
end_of_record
